{"/Users/prueba/Downloads/NewFenixBrands/src/api/client.ts": {"path":"/Users/prueba/Downloads/NewFenixBrands/src/api/client.ts","statementMap":{"0":{"start":{"line":13,"column":18},"end":{"line":13,"column":null}},"1":{"start":{"line":14,"column":18},"end":{"line":14,"column":null}},"2":{"start":{"line":15,"column":18},"end":{"line":15,"column":null}},"3":{"start":{"line":16,"column":18},"end":{"line":16,"column":null}},"4":{"start":{"line":18,"column":0},"end":{"line":22,"column":null}},"5":{"start":{"line":19,"column":2},"end":{"line":21,"column":null}},"6":{"start":{"line":23,"column":0},"end":{"line":27,"column":null}},"7":{"start":{"line":24,"column":2},"end":{"line":26,"column":null}},"8":{"start":{"line":30,"column":13},"end":{"line":30,"column":null}},"9":{"start":{"line":33,"column":13},"end":{"line":33,"column":null}}},"fnMap":{},"branchMap":{"0":{"loc":{"start":{"line":18,"column":0},"end":{"line":22,"column":null}},"type":"if","locations":[{"start":{"line":18,"column":0},"end":{"line":22,"column":null}},{"start":{},"end":{}}],"line":18},"1":{"loc":{"start":{"line":18,"column":4},"end":{"line":18,"column":28}},"type":"binary-expr","locations":[{"start":{"line":18,"column":4},"end":{"line":18,"column":17}},{"start":{"line":18,"column":17},"end":{"line":18,"column":28}}],"line":18},"2":{"loc":{"start":{"line":23,"column":0},"end":{"line":27,"column":null}},"type":"if","locations":[{"start":{"line":23,"column":0},"end":{"line":27,"column":null}},{"start":{},"end":{}}],"line":23},"3":{"loc":{"start":{"line":23,"column":4},"end":{"line":23,"column":28}},"type":"binary-expr","locations":[{"start":{"line":23,"column":4},"end":{"line":23,"column":17}},{"start":{"line":23,"column":17},"end":{"line":23,"column":28}}],"line":23}},"s":{"0":0,"1":0,"2":0,"3":0,"4":0,"5":0,"6":0,"7":0,"8":0,"9":0},"f":{},"b":{"0":[0,0],"1":[0,0],"2":[0,0],"3":[0,0]},"meta":{"lastBranch":4,"lastFunction":0,"lastStatement":10,"seen":{"s:13:18:13:Infinity":0,"s:14:18:14:Infinity":1,"s:15:18:15:Infinity":2,"s:16:18:16:Infinity":3,"b:18:0:22:Infinity:undefined:undefined:undefined:undefined":0,"s:18:0:22:Infinity":4,"b:18:4:18:17:18:17:18:28":1,"s:19:2:21:Infinity":5,"b:23:0:27:Infinity:undefined:undefined:undefined:undefined":2,"s:23:0:27:Infinity":6,"b:23:4:23:17:23:17:23:28":3,"s:24:2:26:Infinity":7,"s:30:13:30:Infinity":8,"s:33:13:33:Infinity":9}}}
,"/Users/prueba/Downloads/NewFenixBrands/src/api/normalize.ts": {"path":"/Users/prueba/Downloads/NewFenixBrands/src/api/normalize.ts","statementMap":{"0":{"start":{"line":24,"column":2},"end":{"line":24,"column":null}},"1":{"start":{"line":24,"column":19},"end":{"line":24,"column":null}},"2":{"start":{"line":25,"column":12},"end":{"line":25,"column":null}},"3":{"start":{"line":26,"column":2},"end":{"line":26,"column":null}},"4":{"start":{"line":26,"column":51},"end":{"line":26,"column":null}},"5":{"start":{"line":27,"column":2},"end":{"line":27,"column":null}},"6":{"start":{"line":32,"column":2},"end":{"line":32,"column":null}},"7":{"start":{"line":37,"column":2},"end":{"line":37,"column":null}},"8":{"start":{"line":37,"column":19},"end":{"line":37,"column":null}},"9":{"start":{"line":38,"column":2},"end":{"line":38,"column":null}},"10":{"start":{"line":43,"column":2},"end":{"line":43,"column":null}},"11":{"start":{"line":43,"column":19},"end":{"line":43,"column":null}},"12":{"start":{"line":44,"column":2},"end":{"line":44,"column":null}},"13":{"start":{"line":52,"column":2},"end":{"line":52,"column":null}},"14":{"start":{"line":52,"column":12},"end":{"line":52,"column":null}},"15":{"start":{"line":53,"column":2},"end":{"line":53,"column":null}},"16":{"start":{"line":61,"column":2},"end":{"line":61,"column":null}},"17":{"start":{"line":61,"column":12},"end":{"line":61,"column":null}},"18":{"start":{"line":62,"column":2},"end":{"line":62,"column":null}},"19":{"start":{"line":69,"column":2},"end":{"line":69,"column":null}},"20":{"start":{"line":69,"column":12},"end":{"line":69,"column":null}},"21":{"start":{"line":70,"column":2},"end":{"line":70,"column":null}},"22":{"start":{"line":78,"column":2},"end":{"line":78,"column":null}},"23":{"start":{"line":78,"column":12},"end":{"line":78,"column":null}},"24":{"start":{"line":79,"column":29},"end":{"line":79,"column":null}},"25":{"start":{"line":80,"column":2},"end":{"line":80,"column":null}},"26":{"start":{"line":80,"column":31},"end":{"line":80,"column":null}},"27":{"start":{"line":81,"column":2},"end":{"line":81,"column":null}},"28":{"start":{"line":88,"column":2},"end":{"line":91,"column":null}},"29":{"start":{"line":100,"column":42},"end":{"line":109,"column":null}},"30":{"start":{"line":114,"column":8},"end":{"line":114,"column":null}},"31":{"start":{"line":115,"column":2},"end":{"line":115,"column":null}},"32":{"start":{"line":120,"column":46},"end":{"line":124,"column":null}},"33":{"start":{"line":125,"column":2},"end":{"line":125,"column":null}},"34":{"start":{"line":134,"column":26},"end":{"line":134,"column":null}},"35":{"start":{"line":139,"column":31},"end":{"line":142,"column":null}},"36":{"start":{"line":145,"column":12},"end":{"line":145,"column":null}},"37":{"start":{"line":146,"column":2},"end":{"line":146,"column":null}},"38":{"start":{"line":146,"column":30},"end":{"line":146,"column":null}},"39":{"start":{"line":147,"column":2},"end":{"line":147,"column":null}},"40":{"start":{"line":147,"column":30},"end":{"line":147,"column":null}},"41":{"start":{"line":148,"column":2},"end":{"line":148,"column":null}},"42":{"start":{"line":156,"column":14},"end":{"line":156,"column":null}},"43":{"start":{"line":157,"column":2},"end":{"line":157,"column":null}},"44":{"start":{"line":157,"column":21},"end":{"line":157,"column":null}},"45":{"start":{"line":158,"column":2},"end":{"line":158,"column":null}},"46":{"start":{"line":158,"column":21},"end":{"line":158,"column":null}},"47":{"start":{"line":159,"column":2},"end":{"line":159,"column":null}}},"fnMap":{"0":{"name":"cleanStr","decl":{"start":{"line":23,"column":16},"end":{"line":23,"column":25}},"loc":{"start":{"line":23,"column":72},"end":{"line":28,"column":null}},"line":23},"1":{"name":"trimStr","decl":{"start":{"line":31,"column":16},"end":{"line":31,"column":24}},"loc":{"start":{"line":31,"column":64},"end":{"line":33,"column":null}},"line":31},"2":{"name":"toInt","decl":{"start":{"line":36,"column":16},"end":{"line":36,"column":22}},"loc":{"start":{"line":36,"column":71},"end":{"line":39,"column":null}},"line":36},"3":{"name":"toNum","decl":{"start":{"line":42,"column":16},"end":{"line":42,"column":22}},"loc":{"start":{"line":42,"column":71},"end":{"line":45,"column":null}},"line":42},"4":{"name":"parsePYGString","decl":{"start":{"line":51,"column":16},"end":{"line":51,"column":31}},"loc":{"start":{"line":51,"column":71},"end":{"line":54,"column":null}},"line":51},"5":{"name":"parseUSDString","decl":{"start":{"line":60,"column":16},"end":{"line":60,"column":31}},"loc":{"start":{"line":60,"column":71},"end":{"line":63,"column":null}},"line":60},"6":{"name":"parsePct","decl":{"start":{"line":68,"column":16},"end":{"line":68,"column":25}},"loc":{"start":{"line":68,"column":65},"end":{"line":71,"column":null}},"line":68},"7":{"name":"parseDDMMYYYY","decl":{"start":{"line":77,"column":16},"end":{"line":77,"column":30}},"loc":{"start":{"line":77,"column":75},"end":{"line":82,"column":null}},"line":77},"8":{"name":"parsePeriodYYYYMM","decl":{"start":{"line":87,"column":16},"end":{"line":87,"column":34}},"loc":{"start":{"line":87,"column":80},"end":{"line":92,"column":null}},"line":87},"9":{"name":"normalizeBrand","decl":{"start":{"line":113,"column":16},"end":{"line":113,"column":31}},"loc":{"start":{"line":113,"column":79},"end":{"line":116,"column":null}},"line":113},"10":{"name":"brandIdToCanonical","decl":{"start":{"line":119,"column":16},"end":{"line":119,"column":35}},"loc":{"start":{"line":119,"column":75},"end":{"line":126,"column":null}},"line":119},"11":{"name":"classifyStore","decl":{"start":{"line":144,"column":16},"end":{"line":144,"column":30}},"loc":{"start":{"line":144,"column":74},"end":{"line":149,"column":null}},"line":144},"12":{"name":"normalizeChannel","decl":{"start":{"line":155,"column":16},"end":{"line":155,"column":33}},"loc":{"start":{"line":155,"column":81},"end":{"line":160,"column":null}},"line":155}},"branchMap":{"0":{"loc":{"start":{"line":24,"column":2},"end":{"line":24,"column":null}},"type":"if","locations":[{"start":{"line":24,"column":2},"end":{"line":24,"column":null}},{"start":{},"end":{}}],"line":24},"1":{"loc":{"start":{"line":26,"column":2},"end":{"line":26,"column":null}},"type":"if","locations":[{"start":{"line":26,"column":2},"end":{"line":26,"column":null}},{"start":{},"end":{}}],"line":26},"2":{"loc":{"start":{"line":26,"column":6},"end":{"line":26,"column":51}},"type":"binary-expr","locations":[{"start":{"line":26,"column":6},"end":{"line":26,"column":18}},{"start":{"line":26,"column":18},"end":{"line":26,"column":31}},{"start":{"line":26,"column":31},"end":{"line":26,"column":51}}],"line":26},"3":{"loc":{"start":{"line":32,"column":9},"end":{"line":32,"column":null}},"type":"binary-expr","locations":[{"start":{"line":32,"column":9},"end":{"line":32,"column":24}},{"start":{"line":32,"column":24},"end":{"line":32,"column":null}}],"line":32},"4":{"loc":{"start":{"line":37,"column":2},"end":{"line":37,"column":null}},"type":"if","locations":[{"start":{"line":37,"column":2},"end":{"line":37,"column":null}},{"start":{},"end":{}}],"line":37},"5":{"loc":{"start":{"line":43,"column":2},"end":{"line":43,"column":null}},"type":"if","locations":[{"start":{"line":43,"column":2},"end":{"line":43,"column":null}},{"start":{},"end":{}}],"line":43},"6":{"loc":{"start":{"line":52,"column":2},"end":{"line":52,"column":null}},"type":"if","locations":[{"start":{"line":52,"column":2},"end":{"line":52,"column":null}},{"start":{},"end":{}}],"line":52},"7":{"loc":{"start":{"line":53,"column":9},"end":{"line":53,"column":null}},"type":"binary-expr","locations":[{"start":{"line":53,"column":9},"end":{"line":53,"column":56}},{"start":{"line":53,"column":56},"end":{"line":53,"column":null}}],"line":53},"8":{"loc":{"start":{"line":61,"column":2},"end":{"line":61,"column":null}},"type":"if","locations":[{"start":{"line":61,"column":2},"end":{"line":61,"column":null}},{"start":{},"end":{}}],"line":61},"9":{"loc":{"start":{"line":62,"column":9},"end":{"line":62,"column":null}},"type":"binary-expr","locations":[{"start":{"line":62,"column":9},"end":{"line":62,"column":70}},{"start":{"line":62,"column":70},"end":{"line":62,"column":null}}],"line":62},"10":{"loc":{"start":{"line":69,"column":2},"end":{"line":69,"column":null}},"type":"if","locations":[{"start":{"line":69,"column":2},"end":{"line":69,"column":null}},{"start":{},"end":{}}],"line":69},"11":{"loc":{"start":{"line":70,"column":9},"end":{"line":70,"column":null}},"type":"binary-expr","locations":[{"start":{"line":70,"column":9},"end":{"line":70,"column":52}},{"start":{"line":70,"column":52},"end":{"line":70,"column":null}}],"line":70},"12":{"loc":{"start":{"line":78,"column":2},"end":{"line":78,"column":null}},"type":"if","locations":[{"start":{"line":78,"column":2},"end":{"line":78,"column":null}},{"start":{},"end":{}}],"line":78},"13":{"loc":{"start":{"line":80,"column":2},"end":{"line":80,"column":null}},"type":"if","locations":[{"start":{"line":80,"column":2},"end":{"line":80,"column":null}},{"start":{},"end":{}}],"line":80},"14":{"loc":{"start":{"line":80,"column":6},"end":{"line":80,"column":31}},"type":"binary-expr","locations":[{"start":{"line":80,"column":6},"end":{"line":80,"column":14}},{"start":{"line":80,"column":14},"end":{"line":80,"column":24}},{"start":{"line":80,"column":24},"end":{"line":80,"column":31}}],"line":80},"15":{"loc":{"start":{"line":114,"column":15},"end":{"line":114,"column":34}},"type":"binary-expr","locations":[{"start":{"line":114,"column":15},"end":{"line":114,"column":30}},{"start":{"line":114,"column":30},"end":{"line":114,"column":34}}],"line":114},"16":{"loc":{"start":{"line":115,"column":10},"end":{"line":115,"column":null}},"type":"binary-expr","locations":[{"start":{"line":115,"column":10},"end":{"line":115,"column":47}},{"start":{"line":115,"column":47},"end":{"line":115,"column":null}}],"line":115},"17":{"loc":{"start":{"line":125,"column":9},"end":{"line":125,"column":null}},"type":"binary-expr","locations":[{"start":{"line":125,"column":9},"end":{"line":125,"column":25}},{"start":{"line":125,"column":25},"end":{"line":125,"column":null}}],"line":125},"18":{"loc":{"start":{"line":146,"column":2},"end":{"line":146,"column":null}},"type":"if","locations":[{"start":{"line":146,"column":2},"end":{"line":146,"column":null}},{"start":{},"end":{}}],"line":146},"19":{"loc":{"start":{"line":147,"column":2},"end":{"line":147,"column":null}},"type":"if","locations":[{"start":{"line":147,"column":2},"end":{"line":147,"column":null}},{"start":{},"end":{}}],"line":147},"20":{"loc":{"start":{"line":157,"column":2},"end":{"line":157,"column":null}},"type":"if","locations":[{"start":{"line":157,"column":2},"end":{"line":157,"column":null}},{"start":{},"end":{}}],"line":157},"21":{"loc":{"start":{"line":158,"column":2},"end":{"line":158,"column":null}},"type":"if","locations":[{"start":{"line":158,"column":2},"end":{"line":158,"column":null}},{"start":{},"end":{}}],"line":158}},"s":{"0":7,"1":2,"2":5,"3":5,"4":3,"5":2,"6":0,"7":4,"8":2,"9":2,"10":0,"11":0,"12":0,"13":4,"14":2,"15":2,"16":4,"17":1,"18":3,"19":0,"20":0,"21":0,"22":4,"23":2,"24":2,"25":2,"26":1,"27":1,"28":0,"29":1,"30":7,"31":7,"32":0,"33":0,"34":1,"35":1,"36":7,"37":7,"38":3,"39":4,"40":3,"41":1,"42":0,"43":0,"44":0,"45":0,"46":0,"47":0},"f":{"0":7,"1":0,"2":4,"3":0,"4":4,"5":4,"6":0,"7":4,"8":0,"9":7,"10":0,"11":7,"12":0},"b":{"0":[2,5],"1":[3,2],"2":[5,4,2],"3":[0,0],"4":[2,2],"5":[0,0],"6":[2,2],"7":[2,0],"8":[1,3],"9":[3,1],"10":[0,0],"11":[0,0],"12":[2,2],"13":[1,1],"14":[2,2,1],"15":[7,1],"16":[7,2],"17":[0,0],"18":[3,4],"19":[3,1],"20":[0,0],"21":[0,0]},"meta":{"lastBranch":22,"lastFunction":13,"lastStatement":48,"seen":{"f:23:16:23:25":0,"b:24:2:24:Infinity:undefined:undefined:undefined:undefined":0,"s:24:2:24:Infinity":0,"s:24:19:24:Infinity":1,"s:25:12:25:Infinity":2,"b:26:2:26:Infinity:undefined:undefined:undefined:undefined":1,"s:26:2:26:Infinity":3,"b:26:6:26:18:26:18:26:31:26:31:26:51":2,"s:26:51:26:Infinity":4,"s:27:2:27:Infinity":5,"f:31:16:31:24":1,"s:32:2:32:Infinity":6,"b:32:9:32:24:32:24:32:Infinity":3,"f:36:16:36:22":2,"b:37:2:37:Infinity:undefined:undefined:undefined:undefined":4,"s:37:2:37:Infinity":7,"s:37:19:37:Infinity":8,"s:38:2:38:Infinity":9,"f:42:16:42:22":3,"b:43:2:43:Infinity:undefined:undefined:undefined:undefined":5,"s:43:2:43:Infinity":10,"s:43:19:43:Infinity":11,"s:44:2:44:Infinity":12,"f:51:16:51:31":4,"b:52:2:52:Infinity:undefined:undefined:undefined:undefined":6,"s:52:2:52:Infinity":13,"s:52:12:52:Infinity":14,"s:53:2:53:Infinity":15,"b:53:9:53:56:53:56:53:Infinity":7,"f:60:16:60:31":5,"b:61:2:61:Infinity:undefined:undefined:undefined:undefined":8,"s:61:2:61:Infinity":16,"s:61:12:61:Infinity":17,"s:62:2:62:Infinity":18,"b:62:9:62:70:62:70:62:Infinity":9,"f:68:16:68:25":6,"b:69:2:69:Infinity:undefined:undefined:undefined:undefined":10,"s:69:2:69:Infinity":19,"s:69:12:69:Infinity":20,"s:70:2:70:Infinity":21,"b:70:9:70:52:70:52:70:Infinity":11,"f:77:16:77:30":7,"b:78:2:78:Infinity:undefined:undefined:undefined:undefined":12,"s:78:2:78:Infinity":22,"s:78:12:78:Infinity":23,"s:79:29:79:Infinity":24,"b:80:2:80:Infinity:undefined:undefined:undefined:undefined":13,"s:80:2:80:Infinity":25,"b:80:6:80:14:80:14:80:24:80:24:80:31":14,"s:80:31:80:Infinity":26,"s:81:2:81:Infinity":27,"f:87:16:87:34":8,"s:88:2:91:Infinity":28,"s:100:42:109:Infinity":29,"f:113:16:113:31":9,"s:114:8:114:Infinity":30,"b:114:15:114:30:114:30:114:34":15,"s:115:2:115:Infinity":31,"b:115:10:115:47:115:47:115:Infinity":16,"f:119:16:119:35":10,"s:120:46:124:Infinity":32,"s:125:2:125:Infinity":33,"b:125:9:125:25:125:25:125:Infinity":17,"s:134:26:134:Infinity":34,"s:139:31:142:Infinity":35,"f:144:16:144:30":11,"s:145:12:145:Infinity":36,"b:146:2:146:Infinity:undefined:undefined:undefined:undefined":18,"s:146:2:146:Infinity":37,"s:146:30:146:Infinity":38,"b:147:2:147:Infinity:undefined:undefined:undefined:undefined":19,"s:147:2:147:Infinity":39,"s:147:30:147:Infinity":40,"s:148:2:148:Infinity":41,"f:155:16:155:33":12,"s:156:14:156:Infinity":42,"b:157:2:157:Infinity:undefined:undefined:undefined:undefined":20,"s:157:2:157:Infinity":43,"s:157:21:157:Infinity":44,"b:158:2:158:Infinity:undefined:undefined:undefined:undefined":21,"s:158:2:158:Infinity":45,"s:158:21:158:Infinity":46,"s:159:2:159:Infinity":47}}}
,"/Users/prueba/Downloads/NewFenixBrands/src/domain/actionQueue/clusters.ts": {"path":"/Users/prueba/Downloads/NewFenixBrands/src/domain/actionQueue/clusters.ts","statementMap":{"0":{"start":{"line":12,"column":60},"end":{"line":37,"column":null}},"1":{"start":{"line":40,"column":63},"end":{"line":53,"column":null}},"2":{"start":{"line":56,"column":2},"end":{"line":56,"column":null}},"3":{"start":{"line":60,"column":2},"end":{"line":60,"column":null}},"4":{"start":{"line":64,"column":31},"end":{"line":64,"column":null}},"5":{"start":{"line":67,"column":2},"end":{"line":67,"column":null}}},"fnMap":{"0":{"name":"getStoreCluster","decl":{"start":{"line":55,"column":16},"end":{"line":55,"column":32}},"loc":{"start":{"line":55,"column":72},"end":{"line":57,"column":null}},"line":55},"1":{"name":"getTimeRestriction","decl":{"start":{"line":59,"column":16},"end":{"line":59,"column":35}},"loc":{"start":{"line":59,"column":62},"end":{"line":61,"column":null}},"line":59},"2":{"name":"getCoverMonths","decl":{"start":{"line":66,"column":16},"end":{"line":66,"column":31}},"loc":{"start":{"line":66,"column":54},"end":{"line":68,"column":null}},"line":66}},"branchMap":{"0":{"loc":{"start":{"line":56,"column":9},"end":{"line":56,"column":null}},"type":"binary-expr","locations":[{"start":{"line":56,"column":9},"end":{"line":56,"column":59}},{"start":{"line":56,"column":59},"end":{"line":56,"column":null}}],"line":56},"1":{"loc":{"start":{"line":60,"column":9},"end":{"line":60,"column":null}},"type":"binary-expr","locations":[{"start":{"line":60,"column":9},"end":{"line":60,"column":68}},{"start":{"line":60,"column":68},"end":{"line":60,"column":null}}],"line":60},"2":{"loc":{"start":{"line":67,"column":9},"end":{"line":67,"column":null}},"type":"cond-expr","locations":[{"start":{"line":67,"column":52},"end":{"line":67,"column":56}},{"start":{"line":67,"column":56},"end":{"line":67,"column":null}}],"line":67}},"s":{"0":0,"1":0,"2":0,"3":0,"4":0,"5":0},"f":{"0":0,"1":0,"2":0},"b":{"0":[0,0],"1":[0,0],"2":[0,0]},"meta":{"lastBranch":3,"lastFunction":3,"lastStatement":6,"seen":{"s:12:60:37:Infinity":0,"s:40:63:53:Infinity":1,"f:55:16:55:32":0,"s:56:2:56:Infinity":2,"b:56:9:56:59:56:59:56:Infinity":0,"f:59:16:59:35":1,"s:60:2:60:Infinity":3,"b:60:9:60:68:60:68:60:Infinity":1,"s:64:31:64:Infinity":4,"f:66:16:66:31":2,"s:67:2:67:Infinity":5,"b:67:52:67:56:67:56:67:Infinity":2}}}
,"/Users/prueba/Downloads/NewFenixBrands/src/domain/actionQueue/types.ts": {"path":"/Users/prueba/Downloads/NewFenixBrands/src/domain/actionQueue/types.ts","statementMap":{"0":{"start":{"line":82,"column":57},"end":{"line":85,"column":null}}},"fnMap":{},"branchMap":{},"s":{"0":0},"f":{},"b":{},"meta":{"lastBranch":0,"lastFunction":0,"lastStatement":1,"seen":{"s:82:57:85:Infinity":0}}}
,"/Users/prueba/Downloads/NewFenixBrands/src/domain/actionQueue/waterfall.ts": {"path":"/Users/prueba/Downloads/NewFenixBrands/src/domain/actionQueue/waterfall.ts","statementMap":{"0":{"start":{"line":27,"column":22},"end":{"line":27,"column":null}},"1":{"start":{"line":28,"column":22},"end":{"line":28,"column":null}},"2":{"start":{"line":30,"column":25},"end":{"line":30,"column":null}},"3":{"start":{"line":31,"column":25},"end":{"line":31,"column":null}},"4":{"start":{"line":32,"column":25},"end":{"line":32,"column":null}},"5":{"start":{"line":33,"column":26},"end":{"line":33,"column":null}},"6":{"start":{"line":34,"column":25},"end":{"line":34,"column":null}},"7":{"start":{"line":35,"column":25},"end":{"line":35,"column":null}},"8":{"start":{"line":36,"column":25},"end":{"line":36,"column":null}},"9":{"start":{"line":41,"column":2},"end":{"line":41,"column":null}},"10":{"start":{"line":41,"column":18},"end":{"line":41,"column":null}},"11":{"start":{"line":42,"column":8},"end":{"line":42,"column":null}},"12":{"start":{"line":43,"column":2},"end":{"line":43,"column":null}},"13":{"start":{"line":47,"column":2},"end":{"line":47,"column":null}},"14":{"start":{"line":51,"column":2},"end":{"line":51,"column":null}},"15":{"start":{"line":54,"column":17},"end":{"line":54,"column":null}},"16":{"start":{"line":56,"column":2},"end":{"line":56,"column":null}},"17":{"start":{"line":101,"column":50},"end":{"line":101,"column":null}},"18":{"start":{"line":104,"column":40},"end":{"line":104,"column":null}},"19":{"start":{"line":105,"column":40},"end":{"line":105,"column":null}},"20":{"start":{"line":106,"column":40},"end":{"line":106,"column":null}},"21":{"start":{"line":107,"column":40},"end":{"line":107,"column":null}},"22":{"start":{"line":109,"column":2},"end":{"line":122,"column":null}},"23":{"start":{"line":110,"column":18},"end":{"line":110,"column":null}},"24":{"start":{"line":111,"column":4},"end":{"line":111,"column":null}},"25":{"start":{"line":111,"column":16},"end":{"line":111,"column":null}},"26":{"start":{"line":113,"column":4},"end":{"line":113,"column":null}},"27":{"start":{"line":113,"column":76},"end":{"line":113,"column":null}},"28":{"start":{"line":114,"column":4},"end":{"line":114,"column":null}},"29":{"start":{"line":114,"column":76},"end":{"line":114,"column":null}},"30":{"start":{"line":115,"column":4},"end":{"line":115,"column":null}},"31":{"start":{"line":115,"column":88},"end":{"line":115,"column":null}},"32":{"start":{"line":116,"column":4},"end":{"line":116,"column":null}},"33":{"start":{"line":116,"column":60},"end":{"line":116,"column":null}},"34":{"start":{"line":118,"column":4},"end":{"line":118,"column":null}},"35":{"start":{"line":118,"column":35},"end":{"line":118,"column":55}},"36":{"start":{"line":118,"column":55},"end":{"line":118,"column":65}},"37":{"start":{"line":119,"column":4},"end":{"line":119,"column":null}},"38":{"start":{"line":119,"column":35},"end":{"line":119,"column":55}},"39":{"start":{"line":119,"column":55},"end":{"line":119,"column":65}},"40":{"start":{"line":120,"column":4},"end":{"line":120,"column":null}},"41":{"start":{"line":120,"column":35},"end":{"line":120,"column":55}},"42":{"start":{"line":120,"column":55},"end":{"line":120,"column":65}},"43":{"start":{"line":121,"column":4},"end":{"line":121,"column":null}},"44":{"start":{"line":124,"column":26},"end":{"line":124,"column":null}},"45":{"start":{"line":127,"column":20},"end":{"line":127,"column":null}},"46":{"start":{"line":128,"column":20},"end":{"line":128,"column":null}},"47":{"start":{"line":129,"column":20},"end":{"line":129,"column":null}},"48":{"start":{"line":131,"column":22},"end":{"line":155,"column":null}},"49":{"start":{"line":132,"column":18},"end":{"line":132,"column":null}},"50":{"start":{"line":133,"column":18},"end":{"line":133,"column":null}},"51":{"start":{"line":134,"column":18},"end":{"line":134,"column":null}},"52":{"start":{"line":135,"column":4},"end":{"line":135,"column":null}},"53":{"start":{"line":135,"column":24},"end":{"line":135,"column":null}},"54":{"start":{"line":137,"column":16},"end":{"line":137,"column":null}},"55":{"start":{"line":138,"column":4},"end":{"line":138,"column":null}},"56":{"start":{"line":138,"column":26},"end":{"line":138,"column":null}},"57":{"start":{"line":139,"column":15},"end":{"line":139,"column":null}},"58":{"start":{"line":140,"column":18},"end":{"line":140,"column":null}},"59":{"start":{"line":141,"column":15},"end":{"line":141,"column":null}},"60":{"start":{"line":142,"column":4},"end":{"line":154,"column":null}},"61":{"start":{"line":143,"column":6},"end":{"line":143,"column":null}},"62":{"start":{"line":145,"column":6},"end":{"line":153,"column":null}},"63":{"start":{"line":157,"column":24},"end":{"line":163,"column":null}},"64":{"start":{"line":158,"column":18},"end":{"line":158,"column":null}},"65":{"start":{"line":159,"column":18},"end":{"line":159,"column":null}},"66":{"start":{"line":160,"column":4},"end":{"line":160,"column":null}},"67":{"start":{"line":160,"column":14},"end":{"line":160,"column":null}},"68":{"start":{"line":161,"column":16},"end":{"line":161,"column":null}},"69":{"start":{"line":162,"column":4},"end":{"line":162,"column":null}},"70":{"start":{"line":165,"column":2},"end":{"line":165,"column":null}},"71":{"start":{"line":165,"column":35},"end":{"line":165,"column":null}},"72":{"start":{"line":166,"column":2},"end":{"line":166,"column":null}},"73":{"start":{"line":166,"column":35},"end":{"line":166,"column":null}},"74":{"start":{"line":167,"column":2},"end":{"line":167,"column":null}},"75":{"start":{"line":167,"column":35},"end":{"line":167,"column":null}},"76":{"start":{"line":170,"column":36},"end":{"line":170,"column":null}},"77":{"start":{"line":172,"column":2},"end":{"line":359,"column":null}},"78":{"start":{"line":173,"column":25},"end":{"line":173,"column":null}},"79":{"start":{"line":174,"column":19},"end":{"line":174,"column":null}},"80":{"start":{"line":176,"column":4},"end":{"line":176,"column":null}},"81":{"start":{"line":176,"column":45},"end":{"line":176,"column":null}},"82":{"start":{"line":178,"column":24},"end":{"line":178,"column":null}},"83":{"start":{"line":179,"column":24},"end":{"line":179,"column":null}},"84":{"start":{"line":180,"column":24},"end":{"line":180,"column":null}},"85":{"start":{"line":181,"column":24},"end":{"line":181,"column":null}},"86":{"start":{"line":182,"column":24},"end":{"line":182,"column":null}},"87":{"start":{"line":183,"column":24},"end":{"line":183,"column":null}},"88":{"start":{"line":183,"column":58},"end":{"line":183,"column":65}},"89":{"start":{"line":184,"column":24},"end":{"line":184,"column":null}},"90":{"start":{"line":184,"column":58},"end":{"line":184,"column":64}},"91":{"start":{"line":185,"column":10},"end":{"line":185,"column":null}},"92":{"start":{"line":187,"column":21},"end":{"line":187,"column":null}},"93":{"start":{"line":187,"column":49},"end":{"line":187,"column":60}},"94":{"start":{"line":188,"column":21},"end":{"line":188,"column":null}},"95":{"start":{"line":189,"column":25},"end":{"line":189,"column":null}},"96":{"start":{"line":190,"column":25},"end":{"line":190,"column":null}},"97":{"start":{"line":193,"column":36},"end":{"line":193,"column":null}},"98":{"start":{"line":195,"column":4},"end":{"line":221,"column":null}},"99":{"start":{"line":196,"column":20},"end":{"line":196,"column":null}},"100":{"start":{"line":197,"column":20},"end":{"line":197,"column":null}},"101":{"start":{"line":198,"column":20},"end":{"line":198,"column":null}},"102":{"start":{"line":200,"column":19},"end":{"line":200,"column":null}},"103":{"start":{"line":201,"column":19},"end":{"line":201,"column":null}},"104":{"start":{"line":203,"column":6},"end":{"line":218,"column":null}},"105":{"start":{"line":204,"column":28},"end":{"line":204,"column":null}},"106":{"start":{"line":205,"column":8},"end":{"line":209,"column":null}},"107":{"start":{"line":206,"column":10},"end":{"line":206,"column":null}},"108":{"start":{"line":207,"column":8},"end":{"line":209,"column":null}},"109":{"start":{"line":208,"column":10},"end":{"line":208,"column":null}},"110":{"start":{"line":211,"column":8},"end":{"line":217,"column":null}},"111":{"start":{"line":212,"column":10},"end":{"line":212,"column":null}},"112":{"start":{"line":213,"column":8},"end":{"line":217,"column":null}},"113":{"start":{"line":214,"column":10},"end":{"line":214,"column":null}},"114":{"start":{"line":215,"column":8},"end":{"line":217,"column":null}},"115":{"start":{"line":216,"column":10},"end":{"line":216,"column":null}},"116":{"start":{"line":220,"column":6},"end":{"line":220,"column":null}},"117":{"start":{"line":223,"column":27},"end":{"line":223,"column":null}},"118":{"start":{"line":223,"column":49},"end":{"line":223,"column":59}},"119":{"start":{"line":224,"column":27},"end":{"line":224,"column":null}},"120":{"start":{"line":224,"column":49},"end":{"line":224,"column":61}},"121":{"start":{"line":227,"column":21},"end":{"line":264,"column":null}},"122":{"start":{"line":237,"column":22},"end":{"line":237,"column":null}},"123":{"start":{"line":238,"column":6},"end":{"line":263,"column":null}},"124":{"start":{"line":249,"column":42},"end":{"line":249,"column":59}},"125":{"start":{"line":267,"column":4},"end":{"line":317,"column":null}},"126":{"start":{"line":268,"column":30},"end":{"line":268,"column":null}},"127":{"start":{"line":270,"column":47},"end":{"line":274,"column":null}},"128":{"start":{"line":271,"column":21},"end":{"line":271,"column":46}},"129":{"start":{"line":272,"column":19},"end":{"line":272,"column":79}},"130":{"start":{"line":273,"column":21},"end":{"line":273,"column":32}},"131":{"start":{"line":276,"column":6},"end":{"line":284,"column":null}},"132":{"start":{"line":277,"column":30},"end":{"line":277,"column":null}},"133":{"start":{"line":277,"column":60},"end":{"line":277,"column":73}},"134":{"start":{"line":278,"column":8},"end":{"line":282,"column":null}},"135":{"start":{"line":283,"column":8},"end":{"line":283,"column":null}},"136":{"start":{"line":287,"column":6},"end":{"line":298,"column":null}},"137":{"start":{"line":288,"column":31},"end":{"line":288,"column":null}},"138":{"start":{"line":289,"column":8},"end":{"line":296,"column":null}},"139":{"start":{"line":290,"column":10},"end":{"line":295,"column":null}},"140":{"start":{"line":297,"column":8},"end":{"line":297,"column":null}},"141":{"start":{"line":301,"column":6},"end":{"line":316,"column":null}},"142":{"start":{"line":302,"column":26},"end":{"line":302,"column":null}},"143":{"start":{"line":302,"column":57},"end":{"line":302,"column":69}},"144":{"start":{"line":303,"column":26},"end":{"line":303,"column":null}},"145":{"start":{"line":305,"column":33},"end":{"line":307,"column":null}},"146":{"start":{"line":306,"column":15},"end":{"line":306,"column":null}},"147":{"start":{"line":308,"column":8},"end":{"line":315,"column":null}},"148":{"start":{"line":309,"column":10},"end":{"line":314,"column":null}},"149":{"start":{"line":320,"column":4},"end":{"line":344,"column":null}},"150":{"start":{"line":321,"column":44},"end":{"line":325,"column":null}},"151":{"start":{"line":322,"column":21},"end":{"line":322,"column":46}},"152":{"start":{"line":323,"column":19},"end":{"line":323,"column":97}},"153":{"start":{"line":324,"column":21},"end":{"line":324,"column":32}},"154":{"start":{"line":327,"column":6},"end":{"line":343,"column":null}},"155":{"start":{"line":328,"column":23},"end":{"line":328,"column":null}},"156":{"start":{"line":329,"column":8},"end":{"line":329,"column":null}},"157":{"start":{"line":329,"column":24},"end":{"line":329,"column":null}},"158":{"start":{"line":331,"column":8},"end":{"line":335,"column":null}},"159":{"start":{"line":337,"column":22},"end":{"line":337,"column":null}},"160":{"start":{"line":337,"column":49},"end":{"line":337,"column":62}},"161":{"start":{"line":338,"column":8},"end":{"line":342,"column":null}},"162":{"start":{"line":347,"column":4},"end":{"line":358,"column":null}},"163":{"start":{"line":348,"column":6},"end":{"line":357,"column":null}},"164":{"start":{"line":349,"column":8},"end":{"line":349,"column":null}},"165":{"start":{"line":349,"column":30},"end":{"line":349,"column":null}},"166":{"start":{"line":350,"column":8},"end":{"line":356,"column":null}},"167":{"start":{"line":362,"column":51},"end":{"line":367,"column":null}},"168":{"start":{"line":369,"column":2},"end":{"line":379,"column":null}},"169":{"start":{"line":370,"column":15},"end":{"line":370,"column":null}},"170":{"start":{"line":371,"column":4},"end":{"line":371,"column":null}},"171":{"start":{"line":371,"column":18},"end":{"line":371,"column":null}},"172":{"start":{"line":372,"column":15},"end":{"line":372,"column":null}},"173":{"start":{"line":373,"column":4},"end":{"line":373,"column":null}},"174":{"start":{"line":373,"column":18},"end":{"line":373,"column":null}},"175":{"start":{"line":374,"column":15},"end":{"line":374,"column":null}},"176":{"start":{"line":375,"column":4},"end":{"line":375,"column":null}},"177":{"start":{"line":375,"column":18},"end":{"line":375,"column":null}},"178":{"start":{"line":376,"column":4},"end":{"line":376,"column":null}},"179":{"start":{"line":376,"column":29},"end":{"line":376,"column":null}},"180":{"start":{"line":377,"column":4},"end":{"line":377,"column":null}},"181":{"start":{"line":377,"column":29},"end":{"line":377,"column":null}},"182":{"start":{"line":378,"column":4},"end":{"line":378,"column":null}},"183":{"start":{"line":382,"column":22},"end":{"line":382,"column":null}},"184":{"start":{"line":382,"column":47},"end":{"line":382,"column":66}},"185":{"start":{"line":383,"column":19},"end":{"line":383,"column":null}},"186":{"start":{"line":384,"column":2},"end":{"line":387,"column":null}},"187":{"start":{"line":385,"column":4},"end":{"line":385,"column":null}},"188":{"start":{"line":386,"column":4},"end":{"line":386,"column":null}},"189":{"start":{"line":390,"column":2},"end":{"line":392,"column":null}},"190":{"start":{"line":392,"column":20},"end":{"line":392,"column":42}}},"fnMap":{"0":{"name":"grossMarginFactor","decl":{"start":{"line":40,"column":9},"end":{"line":40,"column":27}},"loc":{"start":{"line":40,"column":64},"end":{"line":44,"column":null}},"line":40},"1":{"name":"calcImpactScore","decl":{"start":{"line":46,"column":9},"end":{"line":46,"column":25}},"loc":{"start":{"line":46,"column":77},"end":{"line":48,"column":null}},"line":46},"2":{"name":"salesHistoryKey","decl":{"start":{"line":50,"column":9},"end":{"line":50,"column":25}},"loc":{"start":{"line":50,"column":61},"end":{"line":52,"column":null}},"line":50},"3":{"name":"nextId","decl":{"start":{"line":55,"column":9},"end":{"line":55,"column":26}},"loc":{"start":{"line":55,"column":26},"end":{"line":57,"column":null}},"line":55},"4":{"name":"computeActionQueue","decl":{"start":{"line":93,"column":16},"end":{"line":93,"column":null}},"loc":{"start":{"line":100,"column":20},"end":{"line":393,"column":null}},"line":100},"5":{"name":"(anonymous_5)","decl":{"start":{"line":131,"column":22},"end":{"line":131,"column":23}},"loc":{"start":{"line":131,"column":46},"end":{"line":155,"column":null}},"line":131},"6":{"name":"(anonymous_6)","decl":{"start":{"line":157,"column":24},"end":{"line":157,"column":25}},"loc":{"start":{"line":157,"column":77},"end":{"line":163,"column":null}},"line":157},"7":{"name":"(anonymous_7)","decl":{"start":{"line":183,"column":47},"end":{"line":183,"column":48}},"loc":{"start":{"line":183,"column":58},"end":{"line":183,"column":65}},"line":183},"8":{"name":"(anonymous_8)","decl":{"start":{"line":184,"column":47},"end":{"line":184,"column":48}},"loc":{"start":{"line":184,"column":58},"end":{"line":184,"column":64}},"line":184},"9":{"name":"(anonymous_9)","decl":{"start":{"line":187,"column":35},"end":{"line":187,"column":36}},"loc":{"start":{"line":187,"column":49},"end":{"line":187,"column":60}},"line":187},"10":{"name":"(anonymous_10)","decl":{"start":{"line":223,"column":44},"end":{"line":223,"column":49}},"loc":{"start":{"line":223,"column":49},"end":{"line":223,"column":59}},"line":223},"11":{"name":"(anonymous_11)","decl":{"start":{"line":224,"column":44},"end":{"line":224,"column":49}},"loc":{"start":{"line":224,"column":49},"end":{"line":224,"column":61}},"line":224},"12":{"name":"(anonymous_12)","decl":{"start":{"line":227,"column":21},"end":{"line":227,"column":null}},"loc":{"start":{"line":236,"column":25},"end":{"line":264,"column":null}},"line":236},"13":{"name":"(anonymous_13)","decl":{"start":{"line":249,"column":37},"end":{"line":249,"column":42}},"loc":{"start":{"line":249,"column":42},"end":{"line":249,"column":59}},"line":249},"14":{"name":"(anonymous_14)","decl":{"start":{"line":271,"column":16},"end":{"line":271,"column":21}},"loc":{"start":{"line":271,"column":21},"end":{"line":271,"column":46}},"line":271},"15":{"name":"(anonymous_15)","decl":{"start":{"line":272,"column":13},"end":{"line":272,"column":19}},"loc":{"start":{"line":272,"column":19},"end":{"line":272,"column":79}},"line":272},"16":{"name":"(anonymous_16)","decl":{"start":{"line":273,"column":16},"end":{"line":273,"column":21}},"loc":{"start":{"line":273,"column":21},"end":{"line":273,"column":32}},"line":273},"17":{"name":"(anonymous_17)","decl":{"start":{"line":277,"column":50},"end":{"line":277,"column":51}},"loc":{"start":{"line":277,"column":60},"end":{"line":277,"column":73}},"line":277},"18":{"name":"(anonymous_18)","decl":{"start":{"line":302,"column":47},"end":{"line":302,"column":48}},"loc":{"start":{"line":302,"column":57},"end":{"line":302,"column":69}},"line":302},"19":{"name":"(anonymous_19)","decl":{"start":{"line":306,"column":10},"end":{"line":306,"column":15}},"loc":{"start":{"line":306,"column":15},"end":{"line":306,"column":null}},"line":306},"20":{"name":"(anonymous_20)","decl":{"start":{"line":322,"column":16},"end":{"line":322,"column":21}},"loc":{"start":{"line":322,"column":21},"end":{"line":322,"column":46}},"line":322},"21":{"name":"(anonymous_21)","decl":{"start":{"line":323,"column":13},"end":{"line":323,"column":19}},"loc":{"start":{"line":323,"column":19},"end":{"line":323,"column":97}},"line":323},"22":{"name":"(anonymous_22)","decl":{"start":{"line":324,"column":16},"end":{"line":324,"column":21}},"loc":{"start":{"line":324,"column":21},"end":{"line":324,"column":32}},"line":324},"23":{"name":"(anonymous_23)","decl":{"start":{"line":337,"column":39},"end":{"line":337,"column":40}},"loc":{"start":{"line":337,"column":49},"end":{"line":337,"column":62}},"line":337},"24":{"name":"(anonymous_24)","decl":{"start":{"line":369,"column":15},"end":{"line":369,"column":16}},"loc":{"start":{"line":369,"column":25},"end":{"line":379,"column":3}},"line":369},"25":{"name":"(anonymous_25)","decl":{"start":{"line":382,"column":37},"end":{"line":382,"column":38}},"loc":{"start":{"line":382,"column":47},"end":{"line":382,"column":66}},"line":382},"26":{"name":"(anonymous_26)","decl":{"start":{"line":392,"column":9},"end":{"line":392,"column":10}},"loc":{"start":{"line":392,"column":20},"end":{"line":392,"column":42}},"line":392}},"branchMap":{"0":{"loc":{"start":{"line":41,"column":2},"end":{"line":41,"column":null}},"type":"if","locations":[{"start":{"line":41,"column":2},"end":{"line":41,"column":null}},{"start":{},"end":{}}],"line":41},"1":{"loc":{"start":{"line":111,"column":4},"end":{"line":111,"column":null}},"type":"if","locations":[{"start":{"line":111,"column":4},"end":{"line":111,"column":null}},{"start":{},"end":{}}],"line":111},"2":{"loc":{"start":{"line":113,"column":4},"end":{"line":113,"column":null}},"type":"if","locations":[{"start":{"line":113,"column":4},"end":{"line":113,"column":null}},{"start":{},"end":{}}],"line":113},"3":{"loc":{"start":{"line":113,"column":8},"end":{"line":113,"column":76}},"type":"binary-expr","locations":[{"start":{"line":113,"column":8},"end":{"line":113,"column":23}},{"start":{"line":113,"column":23},"end":{"line":113,"column":76}}],"line":113},"4":{"loc":{"start":{"line":114,"column":4},"end":{"line":114,"column":null}},"type":"if","locations":[{"start":{"line":114,"column":4},"end":{"line":114,"column":null}},{"start":{},"end":{}}],"line":114},"5":{"loc":{"start":{"line":114,"column":8},"end":{"line":114,"column":76}},"type":"binary-expr","locations":[{"start":{"line":114,"column":8},"end":{"line":114,"column":23}},{"start":{"line":114,"column":23},"end":{"line":114,"column":76}}],"line":114},"6":{"loc":{"start":{"line":115,"column":4},"end":{"line":115,"column":null}},"type":"if","locations":[{"start":{"line":115,"column":4},"end":{"line":115,"column":null}},{"start":{},"end":{}}],"line":115},"7":{"loc":{"start":{"line":115,"column":8},"end":{"line":115,"column":88}},"type":"binary-expr","locations":[{"start":{"line":115,"column":8},"end":{"line":115,"column":27}},{"start":{"line":115,"column":27},"end":{"line":115,"column":88}}],"line":115},"8":{"loc":{"start":{"line":116,"column":4},"end":{"line":116,"column":null}},"type":"if","locations":[{"start":{"line":116,"column":4},"end":{"line":116,"column":null}},{"start":{},"end":{}}],"line":116},"9":{"loc":{"start":{"line":116,"column":8},"end":{"line":116,"column":60}},"type":"binary-expr","locations":[{"start":{"line":116,"column":8},"end":{"line":116,"column":23}},{"start":{"line":116,"column":23},"end":{"line":116,"column":60}}],"line":116},"10":{"loc":{"start":{"line":118,"column":4},"end":{"line":118,"column":null}},"type":"if","locations":[{"start":{"line":118,"column":4},"end":{"line":118,"column":null}},{"start":{},"end":{}}],"line":118},"11":{"loc":{"start":{"line":119,"column":4},"end":{"line":119,"column":null}},"type":"if","locations":[{"start":{"line":119,"column":4},"end":{"line":119,"column":null}},{"start":{},"end":{}}],"line":119},"12":{"loc":{"start":{"line":120,"column":4},"end":{"line":120,"column":null}},"type":"if","locations":[{"start":{"line":120,"column":4},"end":{"line":120,"column":null}},{"start":{},"end":{}}],"line":120},"13":{"loc":{"start":{"line":124,"column":26},"end":{"line":124,"column":null}},"type":"cond-expr","locations":[{"start":{"line":124,"column":43},"end":{"line":124,"column":53}},{"start":{"line":124,"column":53},"end":{"line":124,"column":null}}],"line":124},"14":{"loc":{"start":{"line":133,"column":18},"end":{"line":133,"column":null}},"type":"binary-expr","locations":[{"start":{"line":133,"column":18},"end":{"line":133,"column":36}},{"start":{"line":133,"column":36},"end":{"line":133,"column":null}}],"line":133},"15":{"loc":{"start":{"line":135,"column":4},"end":{"line":135,"column":null}},"type":"if","locations":[{"start":{"line":135,"column":4},"end":{"line":135,"column":null}},{"start":{},"end":{}}],"line":135},"16":{"loc":{"start":{"line":135,"column":8},"end":{"line":135,"column":24}},"type":"binary-expr","locations":[{"start":{"line":135,"column":8},"end":{"line":135,"column":16}},{"start":{"line":135,"column":16},"end":{"line":135,"column":24}}],"line":135},"17":{"loc":{"start":{"line":138,"column":4},"end":{"line":138,"column":null}},"type":"if","locations":[{"start":{"line":138,"column":4},"end":{"line":138,"column":null}},{"start":{},"end":{}}],"line":138},"18":{"loc":{"start":{"line":140,"column":18},"end":{"line":140,"column":null}},"type":"cond-expr","locations":[{"start":{"line":140,"column":32},"end":{"line":140,"column":42}},{"start":{"line":140,"column":42},"end":{"line":140,"column":null}}],"line":140},"19":{"loc":{"start":{"line":142,"column":4},"end":{"line":154,"column":null}},"type":"if","locations":[{"start":{"line":142,"column":4},"end":{"line":154,"column":null}},{"start":{"line":144,"column":11},"end":{"line":154,"column":null}}],"line":142},"20":{"loc":{"start":{"line":159,"column":18},"end":{"line":159,"column":null}},"type":"binary-expr","locations":[{"start":{"line":159,"column":18},"end":{"line":159,"column":36}},{"start":{"line":159,"column":36},"end":{"line":159,"column":null}}],"line":159},"21":{"loc":{"start":{"line":160,"column":4},"end":{"line":160,"column":null}},"type":"if","locations":[{"start":{"line":160,"column":4},"end":{"line":160,"column":null}},{"start":{},"end":{}}],"line":160},"22":{"loc":{"start":{"line":162,"column":21},"end":{"line":162,"column":45}},"type":"binary-expr","locations":[{"start":{"line":162,"column":21},"end":{"line":162,"column":40}},{"start":{"line":162,"column":40},"end":{"line":162,"column":45}}],"line":162},"23":{"loc":{"start":{"line":176,"column":4},"end":{"line":176,"column":null}},"type":"if","locations":[{"start":{"line":176,"column":4},"end":{"line":176,"column":null}},{"start":{},"end":{}}],"line":176},"24":{"loc":{"start":{"line":176,"column":8},"end":{"line":176,"column":45}},"type":"binary-expr","locations":[{"start":{"line":176,"column":8},"end":{"line":176,"column":26}},{"start":{"line":176,"column":26},"end":{"line":176,"column":45}}],"line":176},"25":{"loc":{"start":{"line":188,"column":21},"end":{"line":188,"column":null}},"type":"cond-expr","locations":[{"start":{"line":188,"column":41},"end":{"line":188,"column":68}},{"start":{"line":188,"column":68},"end":{"line":188,"column":null}}],"line":188},"26":{"loc":{"start":{"line":189,"column":25},"end":{"line":189,"column":null}},"type":"binary-expr","locations":[{"start":{"line":189,"column":25},"end":{"line":189,"column":47}},{"start":{"line":189,"column":47},"end":{"line":189,"column":null}}],"line":189},"27":{"loc":{"start":{"line":190,"column":25},"end":{"line":190,"column":null}},"type":"binary-expr","locations":[{"start":{"line":190,"column":25},"end":{"line":190,"column":47}},{"start":{"line":190,"column":47},"end":{"line":190,"column":null}}],"line":190},"28":{"loc":{"start":{"line":203,"column":6},"end":{"line":218,"column":null}},"type":"if","locations":[{"start":{"line":203,"column":6},"end":{"line":218,"column":null}},{"start":{"line":210,"column":13},"end":{"line":218,"column":null}}],"line":203},"29":{"loc":{"start":{"line":203,"column":10},"end":{"line":203,"column":28}},"type":"binary-expr","locations":[{"start":{"line":203,"column":10},"end":{"line":203,"column":18}},{"start":{"line":203,"column":18},"end":{"line":203,"column":28}}],"line":203},"30":{"loc":{"start":{"line":205,"column":8},"end":{"line":209,"column":null}},"type":"if","locations":[{"start":{"line":205,"column":8},"end":{"line":209,"column":null}},{"start":{"line":207,"column":8},"end":{"line":209,"column":null}}],"line":205},"31":{"loc":{"start":{"line":207,"column":8},"end":{"line":209,"column":null}},"type":"if","locations":[{"start":{"line":207,"column":8},"end":{"line":209,"column":null}},{"start":{},"end":{}}],"line":207},"32":{"loc":{"start":{"line":211,"column":8},"end":{"line":217,"column":null}},"type":"if","locations":[{"start":{"line":211,"column":8},"end":{"line":217,"column":null}},{"start":{"line":213,"column":8},"end":{"line":217,"column":null}}],"line":211},"33":{"loc":{"start":{"line":211,"column":12},"end":{"line":211,"column":47}},"type":"binary-expr","locations":[{"start":{"line":211,"column":12},"end":{"line":211,"column":25}},{"start":{"line":211,"column":25},"end":{"line":211,"column":47}}],"line":211},"34":{"loc":{"start":{"line":213,"column":8},"end":{"line":217,"column":null}},"type":"if","locations":[{"start":{"line":213,"column":8},"end":{"line":217,"column":null}},{"start":{"line":215,"column":8},"end":{"line":217,"column":null}}],"line":213},"35":{"loc":{"start":{"line":213,"column":19},"end":{"line":213,"column":64}},"type":"binary-expr","locations":[{"start":{"line":213,"column":19},"end":{"line":213,"column":54}},{"start":{"line":213,"column":54},"end":{"line":213,"column":64}}],"line":213},"36":{"loc":{"start":{"line":215,"column":8},"end":{"line":217,"column":null}},"type":"if","locations":[{"start":{"line":215,"column":8},"end":{"line":217,"column":null}},{"start":{},"end":{}}],"line":215},"37":{"loc":{"start":{"line":215,"column":19},"end":{"line":215,"column":82}},"type":"binary-expr","locations":[{"start":{"line":215,"column":19},"end":{"line":215,"column":50}},{"start":{"line":215,"column":50},"end":{"line":215,"column":82}}],"line":215},"38":{"loc":{"start":{"line":237,"column":22},"end":{"line":237,"column":null}},"type":"binary-expr","locations":[{"start":{"line":237,"column":22},"end":{"line":237,"column":47}},{"start":{"line":237,"column":47},"end":{"line":237,"column":null}}],"line":237},"39":{"loc":{"start":{"line":248,"column":21},"end":{"line":248,"column":null}},"type":"cond-expr","locations":[{"start":{"line":248,"column":47},"end":{"line":248,"column":71}},{"start":{"line":248,"column":71},"end":{"line":248,"column":null}}],"line":248},"40":{"loc":{"start":{"line":249,"column":22},"end":{"line":249,"column":null}},"type":"binary-expr","locations":[{"start":{"line":249,"column":22},"end":{"line":249,"column":69}},{"start":{"line":249,"column":69},"end":{"line":249,"column":null}}],"line":249},"41":{"loc":{"start":{"line":251,"column":23},"end":{"line":251,"column":null}},"type":"binary-expr","locations":[{"start":{"line":251,"column":23},"end":{"line":251,"column":72}},{"start":{"line":251,"column":72},"end":{"line":251,"column":null}}],"line":251},"42":{"loc":{"start":{"line":268,"column":30},"end":{"line":268,"column":null}},"type":"cond-expr","locations":[{"start":{"line":268,"column":50},"end":{"line":268,"column":63}},{"start":{"line":268,"column":63},"end":{"line":268,"column":null}}],"line":268},"43":{"loc":{"start":{"line":276,"column":6},"end":{"line":284,"column":null}},"type":"if","locations":[{"start":{"line":276,"column":6},"end":{"line":284,"column":null}},{"start":{},"end":{}}],"line":276},"44":{"loc":{"start":{"line":287,"column":6},"end":{"line":298,"column":null}},"type":"if","locations":[{"start":{"line":287,"column":6},"end":{"line":298,"column":null}},{"start":{},"end":{}}],"line":287},"45":{"loc":{"start":{"line":289,"column":8},"end":{"line":296,"column":null}},"type":"if","locations":[{"start":{"line":289,"column":8},"end":{"line":296,"column":null}},{"start":{},"end":{}}],"line":289},"46":{"loc":{"start":{"line":301,"column":6},"end":{"line":316,"column":null}},"type":"if","locations":[{"start":{"line":301,"column":6},"end":{"line":316,"column":null}},{"start":{},"end":{}}],"line":301},"47":{"loc":{"start":{"line":301,"column":10},"end":{"line":301,"column":48}},"type":"binary-expr","locations":[{"start":{"line":301,"column":10},"end":{"line":301,"column":28}},{"start":{"line":301,"column":28},"end":{"line":301,"column":48}}],"line":301},"48":{"loc":{"start":{"line":303,"column":26},"end":{"line":303,"column":null}},"type":"cond-expr","locations":[{"start":{"line":303,"column":43},"end":{"line":303,"column":77}},{"start":{"line":303,"column":77},"end":{"line":303,"column":null}}],"line":303},"49":{"loc":{"start":{"line":306,"column":15},"end":{"line":306,"column":null}},"type":"binary-expr","locations":[{"start":{"line":306,"column":15},"end":{"line":306,"column":32}},{"start":{"line":306,"column":32},"end":{"line":306,"column":53}},{"start":{"line":306,"column":53},"end":{"line":306,"column":null}}],"line":306},"50":{"loc":{"start":{"line":308,"column":8},"end":{"line":315,"column":null}},"type":"if","locations":[{"start":{"line":308,"column":8},"end":{"line":315,"column":null}},{"start":{},"end":{}}],"line":308},"51":{"loc":{"start":{"line":308,"column":12},"end":{"line":308,"column":48}},"type":"binary-expr","locations":[{"start":{"line":308,"column":12},"end":{"line":308,"column":33}},{"start":{"line":308,"column":33},"end":{"line":308,"column":48}}],"line":308},"52":{"loc":{"start":{"line":327,"column":6},"end":{"line":343,"column":null}},"type":"if","locations":[{"start":{"line":327,"column":6},"end":{"line":343,"column":null}},{"start":{"line":336,"column":13},"end":{"line":343,"column":null}}],"line":327},"53":{"loc":{"start":{"line":329,"column":8},"end":{"line":329,"column":null}},"type":"if","locations":[{"start":{"line":329,"column":8},"end":{"line":329,"column":null}},{"start":{},"end":{}}],"line":329},"54":{"loc":{"start":{"line":347,"column":4},"end":{"line":358,"column":null}},"type":"if","locations":[{"start":{"line":347,"column":4},"end":{"line":358,"column":null}},{"start":{},"end":{}}],"line":347},"55":{"loc":{"start":{"line":347,"column":8},"end":{"line":347,"column":82}},"type":"binary-expr","locations":[{"start":{"line":347,"column":8},"end":{"line":347,"column":26}},{"start":{"line":347,"column":26},"end":{"line":347,"column":54}},{"start":{"line":347,"column":54},"end":{"line":347,"column":82}}],"line":347},"56":{"loc":{"start":{"line":349,"column":8},"end":{"line":349,"column":null}},"type":"if","locations":[{"start":{"line":349,"column":8},"end":{"line":349,"column":null}},{"start":{},"end":{}}],"line":349},"57":{"loc":{"start":{"line":351,"column":25},"end":{"line":351,"column":null}},"type":"cond-expr","locations":[{"start":{"line":351,"column":45},"end":{"line":351,"column":58}},{"start":{"line":351,"column":58},"end":{"line":351,"column":null}}],"line":351},"58":{"loc":{"start":{"line":371,"column":4},"end":{"line":371,"column":null}},"type":"if","locations":[{"start":{"line":371,"column":4},"end":{"line":371,"column":null}},{"start":{},"end":{}}],"line":371},"59":{"loc":{"start":{"line":373,"column":4},"end":{"line":373,"column":null}},"type":"if","locations":[{"start":{"line":373,"column":4},"end":{"line":373,"column":null}},{"start":{},"end":{}}],"line":373},"60":{"loc":{"start":{"line":375,"column":4},"end":{"line":375,"column":null}},"type":"if","locations":[{"start":{"line":375,"column":4},"end":{"line":375,"column":null}},{"start":{},"end":{}}],"line":375},"61":{"loc":{"start":{"line":376,"column":4},"end":{"line":376,"column":null}},"type":"if","locations":[{"start":{"line":376,"column":4},"end":{"line":376,"column":null}},{"start":{},"end":{}}],"line":376},"62":{"loc":{"start":{"line":376,"column":36},"end":{"line":376,"column":null}},"type":"cond-expr","locations":[{"start":{"line":376,"column":56},"end":{"line":376,"column":61}},{"start":{"line":376,"column":61},"end":{"line":376,"column":null}}],"line":376},"63":{"loc":{"start":{"line":377,"column":4},"end":{"line":377,"column":null}},"type":"if","locations":[{"start":{"line":377,"column":4},"end":{"line":377,"column":null}},{"start":{},"end":{}}],"line":377},"64":{"loc":{"start":{"line":377,"column":36},"end":{"line":377,"column":null}},"type":"cond-expr","locations":[{"start":{"line":377,"column":56},"end":{"line":377,"column":61}},{"start":{"line":377,"column":61},"end":{"line":377,"column":null}}],"line":377},"65":{"loc":{"start":{"line":378,"column":11},"end":{"line":378,"column":null}},"type":"cond-expr","locations":[{"start":{"line":378,"column":31},"end":{"line":378,"column":36}},{"start":{"line":378,"column":36},"end":{"line":378,"column":null}}],"line":378},"66":{"loc":{"start":{"line":386,"column":24},"end":{"line":386,"column":null}},"type":"binary-expr","locations":[{"start":{"line":386,"column":24},"end":{"line":386,"column":43}},{"start":{"line":386,"column":43},"end":{"line":386,"column":null}}],"line":386}},"s":{"0":0,"1":0,"2":0,"3":0,"4":0,"5":0,"6":0,"7":0,"8":0,"9":0,"10":0,"11":0,"12":0,"13":0,"14":0,"15":0,"16":0,"17":0,"18":0,"19":0,"20":0,"21":0,"22":0,"23":0,"24":0,"25":0,"26":0,"27":0,"28":0,"29":0,"30":0,"31":0,"32":0,"33":0,"34":0,"35":0,"36":0,"37":0,"38":0,"39":0,"40":0,"41":0,"42":0,"43":0,"44":0,"45":0,"46":0,"47":0,"48":0,"49":0,"50":0,"51":0,"52":0,"53":0,"54":0,"55":0,"56":0,"57":0,"58":0,"59":0,"60":0,"61":0,"62":0,"63":0,"64":0,"65":0,"66":0,"67":0,"68":0,"69":0,"70":0,"71":0,"72":0,"73":0,"74":0,"75":0,"76":0,"77":0,"78":0,"79":0,"80":0,"81":0,"82":0,"83":0,"84":0,"85":0,"86":0,"87":0,"88":0,"89":0,"90":0,"91":0,"92":0,"93":0,"94":0,"95":0,"96":0,"97":0,"98":0,"99":0,"100":0,"101":0,"102":0,"103":0,"104":0,"105":0,"106":0,"107":0,"108":0,"109":0,"110":0,"111":0,"112":0,"113":0,"114":0,"115":0,"116":0,"117":0,"118":0,"119":0,"120":0,"121":0,"122":0,"123":0,"124":0,"125":0,"126":0,"127":0,"128":0,"129":0,"130":0,"131":0,"132":0,"133":0,"134":0,"135":0,"136":0,"137":0,"138":0,"139":0,"140":0,"141":0,"142":0,"143":0,"144":0,"145":0,"146":0,"147":0,"148":0,"149":0,"150":0,"151":0,"152":0,"153":0,"154":0,"155":0,"156":0,"157":0,"158":0,"159":0,"160":0,"161":0,"162":0,"163":0,"164":0,"165":0,"166":0,"167":0,"168":0,"169":0,"170":0,"171":0,"172":0,"173":0,"174":0,"175":0,"176":0,"177":0,"178":0,"179":0,"180":0,"181":0,"182":0,"183":0,"184":0,"185":0,"186":0,"187":0,"188":0,"189":0,"190":0},"f":{"0":0,"1":0,"2":0,"3":0,"4":0,"5":0,"6":0,"7":0,"8":0,"9":0,"10":0,"11":0,"12":0,"13":0,"14":0,"15":0,"16":0,"17":0,"18":0,"19":0,"20":0,"21":0,"22":0,"23":0,"24":0,"25":0,"26":0},"b":{"0":[0,0],"1":[0,0],"2":[0,0],"3":[0,0],"4":[0,0],"5":[0,0],"6":[0,0],"7":[0,0],"8":[0,0],"9":[0,0],"10":[0,0],"11":[0,0],"12":[0,0],"13":[0,0],"14":[0,0],"15":[0,0],"16":[0,0],"17":[0,0],"18":[0,0],"19":[0,0],"20":[0,0],"21":[0,0],"22":[0,0],"23":[0,0],"24":[0,0],"25":[0,0],"26":[0,0],"27":[0,0],"28":[0,0],"29":[0,0],"30":[0,0],"31":[0,0],"32":[0,0],"33":[0,0],"34":[0,0],"35":[0,0],"36":[0,0],"37":[0,0],"38":[0,0],"39":[0,0],"40":[0,0],"41":[0,0],"42":[0,0],"43":[0,0],"44":[0,0],"45":[0,0],"46":[0,0],"47":[0,0],"48":[0,0],"49":[0,0,0],"50":[0,0],"51":[0,0],"52":[0,0],"53":[0,0],"54":[0,0],"55":[0,0,0],"56":[0,0],"57":[0,0],"58":[0,0],"59":[0,0],"60":[0,0],"61":[0,0],"62":[0,0],"63":[0,0],"64":[0,0],"65":[0,0],"66":[0,0]},"meta":{"lastBranch":67,"lastFunction":27,"lastStatement":191,"seen":{"s:27:22:27:Infinity":0,"s:28:22:28:Infinity":1,"s:30:25:30:Infinity":2,"s:31:25:31:Infinity":3,"s:32:25:32:Infinity":4,"s:33:26:33:Infinity":5,"s:34:25:34:Infinity":6,"s:35:25:35:Infinity":7,"s:36:25:36:Infinity":8,"f:40:9:40:27":0,"b:41:2:41:Infinity:undefined:undefined:undefined:undefined":0,"s:41:2:41:Infinity":9,"s:41:18:41:Infinity":10,"s:42:8:42:Infinity":11,"s:43:2:43:Infinity":12,"f:46:9:46:25":1,"s:47:2:47:Infinity":13,"f:50:9:50:25":2,"s:51:2:51:Infinity":14,"s:54:17:54:Infinity":15,"f:55:9:55:26":3,"s:56:2:56:Infinity":16,"f:93:16:93:Infinity":4,"s:101:50:101:Infinity":17,"s:104:40:104:Infinity":18,"s:105:40:105:Infinity":19,"s:106:40:106:Infinity":20,"s:107:40:107:Infinity":21,"s:109:2:122:Infinity":22,"s:110:18:110:Infinity":23,"b:111:4:111:Infinity:undefined:undefined:undefined:undefined":1,"s:111:4:111:Infinity":24,"s:111:16:111:Infinity":25,"b:113:4:113:Infinity:undefined:undefined:undefined:undefined":2,"s:113:4:113:Infinity":26,"b:113:8:113:23:113:23:113:76":3,"s:113:76:113:Infinity":27,"b:114:4:114:Infinity:undefined:undefined:undefined:undefined":4,"s:114:4:114:Infinity":28,"b:114:8:114:23:114:23:114:76":5,"s:114:76:114:Infinity":29,"b:115:4:115:Infinity:undefined:undefined:undefined:undefined":6,"s:115:4:115:Infinity":30,"b:115:8:115:27:115:27:115:88":7,"s:115:88:115:Infinity":31,"b:116:4:116:Infinity:undefined:undefined:undefined:undefined":8,"s:116:4:116:Infinity":32,"b:116:8:116:23:116:23:116:60":9,"s:116:60:116:Infinity":33,"b:118:4:118:Infinity:undefined:undefined:undefined:undefined":10,"s:118:4:118:Infinity":34,"s:118:35:118:55":35,"s:118:55:118:65":36,"b:119:4:119:Infinity:undefined:undefined:undefined:undefined":11,"s:119:4:119:Infinity":37,"s:119:35:119:55":38,"s:119:55:119:65":39,"b:120:4:120:Infinity:undefined:undefined:undefined:undefined":12,"s:120:4:120:Infinity":40,"s:120:35:120:55":41,"s:120:55:120:65":42,"s:121:4:121:Infinity":43,"s:124:26:124:Infinity":44,"b:124:43:124:53:124:53:124:Infinity":13,"s:127:20:127:Infinity":45,"s:128:20:128:Infinity":46,"s:129:20:129:Infinity":47,"s:131:22:155:Infinity":48,"f:131:22:131:23":5,"s:132:18:132:Infinity":49,"s:133:18:133:Infinity":50,"b:133:18:133:36:133:36:133:Infinity":14,"s:134:18:134:Infinity":51,"b:135:4:135:Infinity:undefined:undefined:undefined:undefined":15,"s:135:4:135:Infinity":52,"b:135:8:135:16:135:16:135:24":16,"s:135:24:135:Infinity":53,"s:137:16:137:Infinity":54,"b:138:4:138:Infinity:undefined:undefined:undefined:undefined":17,"s:138:4:138:Infinity":55,"s:138:26:138:Infinity":56,"s:139:15:139:Infinity":57,"s:140:18:140:Infinity":58,"b:140:32:140:42:140:42:140:Infinity":18,"s:141:15:141:Infinity":59,"b:142:4:154:Infinity:144:11:154:Infinity":19,"s:142:4:154:Infinity":60,"s:143:6:143:Infinity":61,"s:145:6:153:Infinity":62,"s:157:24:163:Infinity":63,"f:157:24:157:25":6,"s:158:18:158:Infinity":64,"s:159:18:159:Infinity":65,"b:159:18:159:36:159:36:159:Infinity":20,"b:160:4:160:Infinity:undefined:undefined:undefined:undefined":21,"s:160:4:160:Infinity":66,"s:160:14:160:Infinity":67,"s:161:16:161:Infinity":68,"s:162:4:162:Infinity":69,"b:162:21:162:40:162:40:162:45":22,"s:165:2:165:Infinity":70,"s:165:35:165:Infinity":71,"s:166:2:166:Infinity":72,"s:166:35:166:Infinity":73,"s:167:2:167:Infinity":74,"s:167:35:167:Infinity":75,"s:170:36:170:Infinity":76,"s:172:2:359:Infinity":77,"s:173:25:173:Infinity":78,"s:174:19:174:Infinity":79,"b:176:4:176:Infinity:undefined:undefined:undefined:undefined":23,"s:176:4:176:Infinity":80,"b:176:8:176:26:176:26:176:45":24,"s:176:45:176:Infinity":81,"s:178:24:178:Infinity":82,"s:179:24:179:Infinity":83,"s:180:24:180:Infinity":84,"s:181:24:181:Infinity":85,"s:182:24:182:Infinity":86,"s:183:24:183:Infinity":87,"f:183:47:183:48":7,"s:183:58:183:65":88,"s:184:24:184:Infinity":89,"f:184:47:184:48":8,"s:184:58:184:64":90,"s:185:10:185:Infinity":91,"s:187:21:187:Infinity":92,"f:187:35:187:36":9,"s:187:49:187:60":93,"s:188:21:188:Infinity":94,"b:188:41:188:68:188:68:188:Infinity":25,"s:189:25:189:Infinity":95,"b:189:25:189:47:189:47:189:Infinity":26,"s:190:25:190:Infinity":96,"b:190:25:190:47:190:47:190:Infinity":27,"s:193:36:193:Infinity":97,"s:195:4:221:Infinity":98,"s:196:20:196:Infinity":99,"s:197:20:197:Infinity":100,"s:198:20:198:Infinity":101,"s:200:19:200:Infinity":102,"s:201:19:201:Infinity":103,"b:203:6:218:Infinity:210:13:218:Infinity":28,"s:203:6:218:Infinity":104,"b:203:10:203:18:203:18:203:28":29,"s:204:28:204:Infinity":105,"b:205:8:209:Infinity:207:8:209:Infinity":30,"s:205:8:209:Infinity":106,"s:206:10:206:Infinity":107,"b:207:8:209:Infinity:undefined:undefined:undefined:undefined":31,"s:207:8:209:Infinity":108,"s:208:10:208:Infinity":109,"b:211:8:217:Infinity:213:8:217:Infinity":32,"s:211:8:217:Infinity":110,"b:211:12:211:25:211:25:211:47":33,"s:212:10:212:Infinity":111,"b:213:8:217:Infinity:215:8:217:Infinity":34,"s:213:8:217:Infinity":112,"b:213:19:213:54:213:54:213:64":35,"s:214:10:214:Infinity":113,"b:215:8:217:Infinity:undefined:undefined:undefined:undefined":36,"s:215:8:217:Infinity":114,"b:215:19:215:50:215:50:215:82":37,"s:216:10:216:Infinity":115,"s:220:6:220:Infinity":116,"s:223:27:223:Infinity":117,"f:223:44:223:49":10,"s:223:49:223:59":118,"s:224:27:224:Infinity":119,"f:224:44:224:49":11,"s:224:49:224:61":120,"s:227:21:264:Infinity":121,"f:227:21:227:Infinity":12,"s:237:22:237:Infinity":122,"b:237:22:237:47:237:47:237:Infinity":38,"s:238:6:263:Infinity":123,"b:248:47:248:71:248:71:248:Infinity":39,"b:249:22:249:69:249:69:249:Infinity":40,"f:249:37:249:42":13,"s:249:42:249:59":124,"b:251:23:251:72:251:72:251:Infinity":41,"s:267:4:317:Infinity":125,"s:268:30:268:Infinity":126,"b:268:50:268:63:268:63:268:Infinity":42,"s:270:47:274:Infinity":127,"f:271:16:271:21":14,"s:271:21:271:46":128,"f:272:13:272:19":15,"s:272:19:272:79":129,"f:273:16:273:21":16,"s:273:21:273:32":130,"b:276:6:284:Infinity:undefined:undefined:undefined:undefined":43,"s:276:6:284:Infinity":131,"s:277:30:277:Infinity":132,"f:277:50:277:51":17,"s:277:60:277:73":133,"s:278:8:282:Infinity":134,"s:283:8:283:Infinity":135,"b:287:6:298:Infinity:undefined:undefined:undefined:undefined":44,"s:287:6:298:Infinity":136,"s:288:31:288:Infinity":137,"b:289:8:296:Infinity:undefined:undefined:undefined:undefined":45,"s:289:8:296:Infinity":138,"s:290:10:295:Infinity":139,"s:297:8:297:Infinity":140,"b:301:6:316:Infinity:undefined:undefined:undefined:undefined":46,"s:301:6:316:Infinity":141,"b:301:10:301:28:301:28:301:48":47,"s:302:26:302:Infinity":142,"f:302:47:302:48":18,"s:302:57:302:69":143,"s:303:26:303:Infinity":144,"b:303:43:303:77:303:77:303:Infinity":48,"s:305:33:307:Infinity":145,"f:306:10:306:15":19,"s:306:15:306:Infinity":146,"b:306:15:306:32:306:32:306:53:306:53:306:Infinity":49,"b:308:8:315:Infinity:undefined:undefined:undefined:undefined":50,"s:308:8:315:Infinity":147,"b:308:12:308:33:308:33:308:48":51,"s:309:10:314:Infinity":148,"s:320:4:344:Infinity":149,"s:321:44:325:Infinity":150,"f:322:16:322:21":20,"s:322:21:322:46":151,"f:323:13:323:19":21,"s:323:19:323:97":152,"f:324:16:324:21":22,"s:324:21:324:32":153,"b:327:6:343:Infinity:336:13:343:Infinity":52,"s:327:6:343:Infinity":154,"s:328:23:328:Infinity":155,"b:329:8:329:Infinity:undefined:undefined:undefined:undefined":53,"s:329:8:329:Infinity":156,"s:329:24:329:Infinity":157,"s:331:8:335:Infinity":158,"s:337:22:337:Infinity":159,"f:337:39:337:40":23,"s:337:49:337:62":160,"s:338:8:342:Infinity":161,"b:347:4:358:Infinity:undefined:undefined:undefined:undefined":54,"s:347:4:358:Infinity":162,"b:347:8:347:26:347:26:347:54:347:54:347:82":55,"s:348:6:357:Infinity":163,"b:349:8:349:Infinity:undefined:undefined:undefined:undefined":56,"s:349:8:349:Infinity":164,"s:349:30:349:Infinity":165,"s:350:8:356:Infinity":166,"b:351:45:351:58:351:58:351:Infinity":57,"s:362:51:367:Infinity":167,"s:369:2:379:Infinity":168,"f:369:15:369:16":24,"s:370:15:370:Infinity":169,"b:371:4:371:Infinity:undefined:undefined:undefined:undefined":58,"s:371:4:371:Infinity":170,"s:371:18:371:Infinity":171,"s:372:15:372:Infinity":172,"b:373:4:373:Infinity:undefined:undefined:undefined:undefined":59,"s:373:4:373:Infinity":173,"s:373:18:373:Infinity":174,"s:374:15:374:Infinity":175,"b:375:4:375:Infinity:undefined:undefined:undefined:undefined":60,"s:375:4:375:Infinity":176,"s:375:18:375:Infinity":177,"b:376:4:376:Infinity:undefined:undefined:undefined:undefined":61,"s:376:4:376:Infinity":178,"s:376:29:376:Infinity":179,"b:376:56:376:61:376:61:376:Infinity":62,"b:377:4:377:Infinity:undefined:undefined:undefined:undefined":63,"s:377:4:377:Infinity":180,"s:377:29:377:Infinity":181,"b:377:56:377:61:377:61:377:Infinity":64,"s:378:4:378:Infinity":182,"b:378:31:378:36:378:36:378:Infinity":65,"s:382:22:382:Infinity":183,"f:382:37:382:38":25,"s:382:47:382:66":184,"s:383:19:383:Infinity":185,"s:384:2:387:Infinity":186,"s:385:4:385:Infinity":187,"s:386:4:386:Infinity":188,"b:386:24:386:43:386:43:386:Infinity":66,"s:390:2:392:Infinity":189,"f:392:9:392:10":26,"s:392:20:392:42":190}}}
,"/Users/prueba/Downloads/NewFenixBrands/src/domain/executive/calcs.ts": {"path":"/Users/prueba/Downloads/NewFenixBrands/src/domain/executive/calcs.ts","statementMap":{"0":{"start":{"line":32,"column":31},"end":{"line":32,"column":null}},"1":{"start":{"line":33,"column":25},"end":{"line":33,"column":null}},"2":{"start":{"line":34,"column":27},"end":{"line":34,"column":null}},"3":{"start":{"line":36,"column":44},"end":{"line":39,"column":null}},"4":{"start":{"line":40,"column":43},"end":{"line":43,"column":null}},"5":{"start":{"line":49,"column":2},"end":{"line":49,"column":null}},"6":{"start":{"line":49,"column":26},"end":{"line":49,"column":null}},"7":{"start":{"line":50,"column":16},"end":{"line":50,"column":null}},"8":{"start":{"line":50,"column":39},"end":{"line":50,"column":51}},"9":{"start":{"line":51,"column":2},"end":{"line":51,"column":null}},"10":{"start":{"line":56,"column":16},"end":{"line":56,"column":null}},"11":{"start":{"line":57,"column":15},"end":{"line":57,"column":null}},"12":{"start":{"line":58,"column":2},"end":{"line":58,"column":null}},"13":{"start":{"line":62,"column":2},"end":{"line":62,"column":null}},"14":{"start":{"line":62,"column":32},"end":{"line":62,"column":null}},"15":{"start":{"line":63,"column":23},"end":{"line":63,"column":null}},"16":{"start":{"line":64,"column":24},"end":{"line":64,"column":null}},"17":{"start":{"line":65,"column":2},"end":{"line":65,"column":null}},"18":{"start":{"line":69,"column":26},"end":{"line":69,"column":null}},"19":{"start":{"line":70,"column":14},"end":{"line":70,"column":null}},"20":{"start":{"line":71,"column":2},"end":{"line":71,"column":null}},"21":{"start":{"line":75,"column":22},"end":{"line":75,"column":null}},"22":{"start":{"line":76,"column":2},"end":{"line":76,"column":null}},"23":{"start":{"line":95,"column":31},"end":{"line":95,"column":null}},"24":{"start":{"line":96,"column":16},"end":{"line":96,"column":null}},"25":{"start":{"line":97,"column":20},"end":{"line":97,"column":null}},"26":{"start":{"line":98,"column":18},"end":{"line":98,"column":null}},"27":{"start":{"line":100,"column":2},"end":{"line":118,"column":null}},"28":{"start":{"line":100,"column":15},"end":{"line":100,"column":18}},"29":{"start":{"line":101,"column":17},"end":{"line":101,"column":null}},"30":{"start":{"line":102,"column":19},"end":{"line":102,"column":null}},"31":{"start":{"line":103,"column":4},"end":{"line":103,"column":null}},"32":{"start":{"line":105,"column":20},"end":{"line":105,"column":null}},"33":{"start":{"line":106,"column":4},"end":{"line":109,"column":null}},"34":{"start":{"line":107,"column":6},"end":{"line":107,"column":null}},"35":{"start":{"line":108,"column":6},"end":{"line":108,"column":null}},"36":{"start":{"line":111,"column":4},"end":{"line":117,"column":null}},"37":{"start":{"line":121,"column":2},"end":{"line":124,"column":null}},"38":{"start":{"line":122,"column":15},"end":{"line":122,"column":null}},"39":{"start":{"line":123,"column":4},"end":{"line":123,"column":null}},"40":{"start":{"line":126,"column":2},"end":{"line":126,"column":null}},"41":{"start":{"line":137,"column":29},"end":{"line":137,"column":null}},"42":{"start":{"line":139,"column":2},"end":{"line":156,"column":null}},"43":{"start":{"line":139,"column":15},"end":{"line":139,"column":18}},"44":{"start":{"line":140,"column":17},"end":{"line":140,"column":null}},"45":{"start":{"line":141,"column":19},"end":{"line":141,"column":null}},"46":{"start":{"line":142,"column":24},"end":{"line":142,"column":null}},"47":{"start":{"line":143,"column":21},"end":{"line":143,"column":null}},"48":{"start":{"line":145,"column":4},"end":{"line":155,"column":null}},"49":{"start":{"line":158,"column":2},"end":{"line":158,"column":null}}},"fnMap":{"0":{"name":"calcAnnualTarget","decl":{"start":{"line":48,"column":16},"end":{"line":48,"column":33}},"loc":{"start":{"line":48,"column":73},"end":{"line":52,"column":null}},"line":48},"1":{"name":"(anonymous_1)","decl":{"start":{"line":50,"column":29},"end":{"line":50,"column":30}},"loc":{"start":{"line":50,"column":39},"end":{"line":50,"column":51}},"line":50},"2":{"name":"dayOfYear","decl":{"start":{"line":55,"column":16},"end":{"line":55,"column":26}},"loc":{"start":{"line":55,"column":46},"end":{"line":59,"column":null}},"line":55},"3":{"name":"calcForecast","decl":{"start":{"line":61,"column":16},"end":{"line":61,"column":29}},"loc":{"start":{"line":61,"column":99},"end":{"line":66,"column":null}},"line":61},"4":{"name":"calcRequiredMonthlyRunRate","decl":{"start":{"line":68,"column":16},"end":{"line":68,"column":43}},"loc":{"start":{"line":68,"column":103},"end":{"line":72,"column":null}},"line":68},"5":{"name":"calcLinearPaceGap","decl":{"start":{"line":74,"column":16},"end":{"line":74,"column":34}},"loc":{"start":{"line":74,"column":120},"end":{"line":77,"column":null}},"line":74},"6":{"name":"buildCumulativeSeries","decl":{"start":{"line":89,"column":16},"end":{"line":89,"column":null}},"loc":{"start":{"line":94,"column":16},"end":{"line":127,"column":null}},"line":94},"7":{"name":"buildMonthlyRows","decl":{"start":{"line":131,"column":16},"end":{"line":131,"column":null}},"loc":{"start":{"line":136,"column":16},"end":{"line":159,"column":null}},"line":136}},"branchMap":{"0":{"loc":{"start":{"line":49,"column":2},"end":{"line":49,"column":null}},"type":"if","locations":[{"start":{"line":49,"column":2},"end":{"line":49,"column":null}},{"start":{},"end":{}}],"line":49},"1":{"loc":{"start":{"line":51,"column":9},"end":{"line":51,"column":null}},"type":"cond-expr","locations":[{"start":{"line":51,"column":21},"end":{"line":51,"column":29}},{"start":{"line":51,"column":29},"end":{"line":51,"column":null}}],"line":51},"2":{"loc":{"start":{"line":62,"column":2},"end":{"line":62,"column":null}},"type":"if","locations":[{"start":{"line":62,"column":2},"end":{"line":62,"column":null}},{"start":{},"end":{}}],"line":62},"3":{"loc":{"start":{"line":71,"column":9},"end":{"line":71,"column":null}},"type":"cond-expr","locations":[{"start":{"line":71,"column":19},"end":{"line":71,"column":43}},{"start":{"line":71,"column":43},"end":{"line":71,"column":null}}],"line":71},"4":{"loc":{"start":{"line":101,"column":17},"end":{"line":101,"column":null}},"type":"binary-expr","locations":[{"start":{"line":101,"column":17},"end":{"line":101,"column":39}},{"start":{"line":101,"column":39},"end":{"line":101,"column":null}}],"line":101},"5":{"loc":{"start":{"line":102,"column":19},"end":{"line":102,"column":null}},"type":"binary-expr","locations":[{"start":{"line":102,"column":19},"end":{"line":102,"column":43}},{"start":{"line":102,"column":43},"end":{"line":102,"column":null}}],"line":102},"6":{"loc":{"start":{"line":105,"column":20},"end":{"line":105,"column":null}},"type":"binary-expr","locations":[{"start":{"line":105,"column":20},"end":{"line":105,"column":42}},{"start":{"line":105,"column":42},"end":{"line":105,"column":null}}],"line":105},"7":{"loc":{"start":{"line":106,"column":4},"end":{"line":109,"column":null}},"type":"if","locations":[{"start":{"line":106,"column":4},"end":{"line":109,"column":null}},{"start":{},"end":{}}],"line":106},"8":{"loc":{"start":{"line":114,"column":15},"end":{"line":114,"column":null}},"type":"cond-expr","locations":[{"start":{"line":114,"column":25},"end":{"line":114,"column":35}},{"start":{"line":114,"column":35},"end":{"line":114,"column":null}}],"line":114},"9":{"loc":{"start":{"line":115,"column":19},"end":{"line":115,"column":null}},"type":"cond-expr","locations":[{"start":{"line":115,"column":40},"end":{"line":115,"column":73}},{"start":{"line":115,"column":73},"end":{"line":115,"column":null}}],"line":115},"10":{"loc":{"start":{"line":121,"column":2},"end":{"line":124,"column":null}},"type":"if","locations":[{"start":{"line":121,"column":2},"end":{"line":124,"column":null}},{"start":{},"end":{}}],"line":121},"11":{"loc":{"start":{"line":121,"column":6},"end":{"line":121,"column":48}},"type":"binary-expr","locations":[{"start":{"line":121,"column":6},"end":{"line":121,"column":28}},{"start":{"line":121,"column":28},"end":{"line":121,"column":48}}],"line":121},"12":{"loc":{"start":{"line":140,"column":17},"end":{"line":140,"column":null}},"type":"binary-expr","locations":[{"start":{"line":140,"column":17},"end":{"line":140,"column":39}},{"start":{"line":140,"column":39},"end":{"line":140,"column":null}}],"line":140},"13":{"loc":{"start":{"line":141,"column":19},"end":{"line":141,"column":null}},"type":"binary-expr","locations":[{"start":{"line":141,"column":19},"end":{"line":141,"column":43}},{"start":{"line":141,"column":43},"end":{"line":141,"column":null}}],"line":141},"14":{"loc":{"start":{"line":143,"column":21},"end":{"line":143,"column":null}},"type":"cond-expr","locations":[{"start":{"line":143,"column":41},"end":{"line":143,"column":66}},{"start":{"line":143,"column":66},"end":{"line":143,"column":null}}],"line":143},"15":{"loc":{"start":{"line":143,"column":41},"end":{"line":143,"column":66}},"type":"binary-expr","locations":[{"start":{"line":143,"column":41},"end":{"line":143,"column":61}},{"start":{"line":143,"column":61},"end":{"line":143,"column":66}}],"line":143},"16":{"loc":{"start":{"line":148,"column":12},"end":{"line":148,"column":null}},"type":"cond-expr","locations":[{"start":{"line":148,"column":26},"end":{"line":148,"column":33}},{"start":{"line":148,"column":33},"end":{"line":148,"column":null}}],"line":148},"17":{"loc":{"start":{"line":151,"column":16},"end":{"line":151,"column":null}},"type":"cond-expr","locations":[{"start":{"line":151,"column":30},"end":{"line":151,"column":46}},{"start":{"line":151,"column":46},"end":{"line":151,"column":null}}],"line":151},"18":{"loc":{"start":{"line":152,"column":18},"end":{"line":152,"column":null}},"type":"cond-expr","locations":[{"start":{"line":152,"column":32},"end":{"line":152,"column":50}},{"start":{"line":152,"column":50},"end":{"line":152,"column":null}}],"line":152}},"s":{"0":0,"1":0,"2":0,"3":0,"4":0,"5":0,"6":0,"7":0,"8":0,"9":0,"10":0,"11":0,"12":0,"13":0,"14":0,"15":0,"16":0,"17":0,"18":0,"19":0,"20":0,"21":0,"22":0,"23":0,"24":0,"25":0,"26":0,"27":0,"28":0,"29":0,"30":0,"31":0,"32":0,"33":0,"34":0,"35":0,"36":0,"37":0,"38":0,"39":0,"40":0,"41":0,"42":0,"43":0,"44":0,"45":0,"46":0,"47":0,"48":0,"49":0},"f":{"0":0,"1":0,"2":0,"3":0,"4":0,"5":0,"6":0,"7":0},"b":{"0":[0,0],"1":[0,0],"2":[0,0],"3":[0,0],"4":[0,0],"5":[0,0],"6":[0,0],"7":[0,0],"8":[0,0],"9":[0,0],"10":[0,0],"11":[0,0],"12":[0,0],"13":[0,0],"14":[0,0],"15":[0,0],"16":[0,0],"17":[0,0],"18":[0,0]},"meta":{"lastBranch":19,"lastFunction":8,"lastStatement":50,"seen":{"s:32:31:32:Infinity":0,"s:33:25:33:Infinity":1,"s:34:27:34:Infinity":2,"s:36:44:39:Infinity":3,"s:40:43:43:Infinity":4,"f:48:16:48:33":0,"b:49:2:49:Infinity:undefined:undefined:undefined:undefined":0,"s:49:2:49:Infinity":5,"s:49:26:49:Infinity":6,"s:50:16:50:Infinity":7,"f:50:29:50:30":1,"s:50:39:50:51":8,"s:51:2:51:Infinity":9,"b:51:21:51:29:51:29:51:Infinity":1,"f:55:16:55:26":2,"s:56:16:56:Infinity":10,"s:57:15:57:Infinity":11,"s:58:2:58:Infinity":12,"f:61:16:61:29":3,"b:62:2:62:Infinity:undefined:undefined:undefined:undefined":2,"s:62:2:62:Infinity":13,"s:62:32:62:Infinity":14,"s:63:23:63:Infinity":15,"s:64:24:64:Infinity":16,"s:65:2:65:Infinity":17,"f:68:16:68:43":4,"s:69:26:69:Infinity":18,"s:70:14:70:Infinity":19,"s:71:2:71:Infinity":20,"b:71:19:71:43:71:43:71:Infinity":3,"f:74:16:74:34":5,"s:75:22:75:Infinity":21,"s:76:2:76:Infinity":22,"f:89:16:89:Infinity":6,"s:95:31:95:Infinity":23,"s:96:16:96:Infinity":24,"s:97:20:97:Infinity":25,"s:98:18:98:Infinity":26,"s:100:2:118:Infinity":27,"s:100:15:100:18":28,"s:101:17:101:Infinity":29,"b:101:17:101:39:101:39:101:Infinity":4,"s:102:19:102:Infinity":30,"b:102:19:102:43:102:43:102:Infinity":5,"s:103:4:103:Infinity":31,"s:105:20:105:Infinity":32,"b:105:20:105:42:105:42:105:Infinity":6,"b:106:4:109:Infinity:undefined:undefined:undefined:undefined":7,"s:106:4:109:Infinity":33,"s:107:6:107:Infinity":34,"s:108:6:108:Infinity":35,"s:111:4:117:Infinity":36,"b:114:25:114:35:114:35:114:Infinity":8,"b:115:40:115:73:115:73:115:Infinity":9,"b:121:2:124:Infinity:undefined:undefined:undefined:undefined":10,"s:121:2:124:Infinity":37,"b:121:6:121:28:121:28:121:48":11,"s:122:15:122:Infinity":38,"s:123:4:123:Infinity":39,"s:126:2:126:Infinity":40,"f:131:16:131:Infinity":7,"s:137:29:137:Infinity":41,"s:139:2:156:Infinity":42,"s:139:15:139:18":43,"s:140:17:140:Infinity":44,"b:140:17:140:39:140:39:140:Infinity":12,"s:141:19:141:Infinity":45,"b:141:19:141:43:141:43:141:Infinity":13,"s:142:24:142:Infinity":46,"s:143:21:143:Infinity":47,"b:143:41:143:66:143:66:143:Infinity":14,"b:143:41:143:61:143:61:143:66":15,"s:145:4:155:Infinity":48,"b:148:26:148:33:148:33:148:Infinity":16,"b:151:30:151:46:151:46:151:Infinity":17,"b:152:32:152:50:152:50:152:Infinity":18,"s:158:2:158:Infinity":49}}}
,"/Users/prueba/Downloads/NewFenixBrands/src/domain/filters/types.ts": {"path":"/Users/prueba/Downloads/NewFenixBrands/src/domain/filters/types.ts","statementMap":{"0":{"start":{"line":40,"column":43},"end":{"line":46,"column":null}}},"fnMap":{},"branchMap":{},"s":{"0":0},"f":{},"b":{},"meta":{"lastBranch":0,"lastFunction":0,"lastStatement":1,"seen":{"s:40:43:46:Infinity":0}}}
[...]
ne":39},"6":{"loc":{"start":{"line":40,"column":2},"end":{"line":40,"column":null}},"type":"if","locations":[{"start":{"line":40,"column":2},"end":{"line":40,"column":null}},{"start":{},"end":{}}],"line":40},"7":{"loc":{"start":{"line":40,"column":38},"end":{"line":40,"column":null}},"type":"cond-expr","locations":[{"start":{"line":40,"column":55},"end":{"line":40,"column":68}},{"start":{"line":40,"column":68},"end":{"line":40,"column":null}}],"line":40},"8":{"loc":{"start":{"line":41,"column":2},"end":{"line":41,"column":null}},"type":"if","locations":[{"start":{"line":41,"column":2},"end":{"line":41,"column":null}},{"start":{},"end":{}}],"line":41},"9":{"loc":{"start":{"line":42,"column":9},"end":{"line":42,"column":null}},"type":"cond-expr","locations":[{"start":{"line":42,"column":27},"end":{"line":42,"column":48}},{"start":{"line":42,"column":48},"end":{"line":42,"column":null}}],"line":42},"10":{"loc":{"start":{"line":51,"column":13},"end":{"line":51,"column":null}},"type":"binary-expr","locations":[{"start":{"line":51,"column":13},"end":{"line":51,"column":37}},{"start":{"line":51,"column":37},"end":{"line":51,"column":46}},{"start":{"line":51,"column":46},"end":{"line":51,"column":null}}],"line":51},"11":{"loc":{"start":{"line":56,"column":24},"end":{"line":58,"column":null}},"type":"cond-expr","locations":[{"start":{"line":57,"column":10},"end":{"line":57,"column":null}},{"start":{"line":58,"column":10},"end":{"line":58,"column":null}}],"line":56},"12":{"loc":{"start":{"line":58,"column":10},"end":{"line":58,"column":null}},"type":"binary-expr","locations":[{"start":{"line":58,"column":10},"end":{"line":58,"column":24}},{"start":{"line":58,"column":24},"end":{"line":58,"column":null}}],"line":58},"13":{"loc":{"start":{"line":68,"column":6},"end":{"line":68,"column":null}},"type":"if","locations":[{"start":{"line":68,"column":6},"end":{"line":68,"column":null}},{"start":{},"end":{}}],"line":68},"14":{"loc":{"start":{"line":68,"column":10},"end":{"line":68,"column":28}},"type":"binary-expr","locations":[{"start":{"line":68,"column":10},"end":{"line":68,"column":20}},{"start":{"line":68,"column":20},"end":{"line":68,"column":28}}],"line":68},"15":{"loc":{"start":{"line":69,"column":6},"end":{"line":69,"column":null}},"type":"if","locations":[{"start":{"line":69,"column":6},"end":{"line":69,"column":null}},{"start":{},"end":{}}],"line":69},"16":{"loc":{"start":{"line":70,"column":6},"end":{"line":70,"column":null}},"type":"if","locations":[{"start":{"line":70,"column":6},"end":{"line":70,"column":null}},{"start":{},"end":{}}],"line":70},"17":{"loc":{"start":{"line":82,"column":19},"end":{"line":82,"column":null}},"type":"binary-expr","locations":[{"start":{"line":82,"column":19},"end":{"line":82,"column":33}},{"start":{"line":82,"column":33},"end":{"line":82,"column":null}}],"line":82},"18":{"loc":{"start":{"line":118,"column":37},"end":{"line":118,"column":63}},"type":"binary-expr","locations":[{"start":{"line":118,"column":37},"end":{"line":118,"column":58}},{"start":{"line":118,"column":58},"end":{"line":118,"column":63}}],"line":118},"19":{"loc":{"start":{"line":119,"column":19},"end":{"line":119,"column":null}},"type":"binary-expr","locations":[{"start":{"line":119,"column":19},"end":{"line":119,"column":31}},{"start":{"line":119,"column":31},"end":{"line":119,"column":null}}],"line":119},"20":{"loc":{"start":{"line":120,"column":37},"end":{"line":120,"column":64}},"type":"binary-expr","locations":[{"start":{"line":120,"column":37},"end":{"line":120,"column":59}},{"start":{"line":120,"column":59},"end":{"line":120,"column":64}}],"line":120},"21":{"loc":{"start":{"line":126,"column":18},"end":{"line":126,"column":null}},"type":"cond-expr","locations":[{"start":{"line":126,"column":25},"end":{"line":126,"column":42}},{"start":{"line":126,"column":42},"end":{"line":126,"column":null}}],"line":126}},"s":{"0":0,"1":0,"2":0,"3":0,"4":0,"5":0,"6":0,"7":0,"8":0,"9":0,"10":0,"11":0,"12":0,"13":0,"14":0,"15":0,"16":0,"17":0,"18":0,"19":0,"20":0,"21":0,"22":0,"23":0,"24":0,"25":0,"26":0,"27":0,"28":0,"29":0,"30":0,"31":0,"32":0,"33":0,"34":0,"35":0,"36":0,"37":0,"38":0,"39":0,"40":0,"41":0,"42":0,"43":0,"44":0,"45":0,"46":0,"47":0,"48":0,"49":0,"50":0,"51":0,"52":0,"53":0,"54":0,"55":0,"56":0,"57":0,"58":0,"59":0,"60":0,"61":0,"62":0,"63":0,"64":0},"f":{"0":0,"1":0,"2":0,"3":0,"4":0,"5":0,"6":0,"7":0,"8":0,"9":0,"10":0,"11":0,"12":0,"13":0,"14":0,"15":0},"b":{"0":[0,0],"1":[0,0],"2":[0,0],"3":[0,0],"4":[0,0],"5":[0,0],"6":[0,0],"7":[0,0],"8":[0,0],"9":[0,0],"10":[0,0,0],"11":[0,0],"12":[0,0],"13":[0,0],"14":[0,0],"15":[0,0],"16":[0,0],"17":[0,0],"18":[0,0],"19":[0,0],"20":[0,0],"21":[0,0]},"meta":{"lastBranch":22,"lastFunction":16,"lastStatement":65,"seen":{"s:17:21:17:Infinity":0,"f:19:9:19:22":0,"b:20:2:20:Infinity:undefined:undefined:undefined:undefined":0,"s:20:2:20:Infinity":1,"s:20:13:20:Infinity":2,"s:21:16:21:Infinity":3,"s:22:2:22:Infinity":4,"s:23:2:23:Infinity":5,"f:26:9:26:26":1,"b:27:2:27:Infinity:undefined:undefined:undefined:undefined":1,"s:27:2:27:Infinity":6,"s:27:13:27:Infinity":7,"s:28:15:28:Infinity":8,"s:29:15:29:Infinity":9,"s:30:15:30:Infinity":10,"s:31:15:31:Infinity":11,"b:32:2:32:Infinity:undefined:undefined:undefined:undefined":2,"s:32:2:32:Infinity":12,"s:32:19:32:Infinity":13,"b:33:2:33:Infinity:undefined:undefined:undefined:undefined":3,"s:33:2:33:Infinity":14,"s:33:19:33:Infinity":15,"b:34:2:34:Infinity:undefined:undefined:undefined:undefined":4,"s:34:2:34:Infinity":16,"s:34:19:34:Infinity":17,"s:35:2:35:Infinity":18,"f:38:16:38:28":2,"b:39:2:39:Infinity:undefined:undefined:undefined:undefined":5,"s:39:2:39:Infinity":19,"s:39:31:39:Infinity":20,"b:40:2:40:Infinity:undefined:undefined:undefined:undefined":6,"s:40:2:40:Infinity":21,"s:40:31:40:Infinity":22,"b:40:55:40:68:40:68:40:Infinity":7,"b:41:2:41:Infinity:undefined:undefined:undefined:undefined":8,"s:41:2:41:Infinity":23,"s:41:31:41:Infinity":24,"s:42:2:42:Infinity":25,"b:42:27:42:48:42:48:42:Infinity":9,"f:47:16:47:27":3,"s:48:2:72:Infinity":26,"f:49:12:49:17":4,"s:50:16:50:Infinity":27,"s:51:6:51:Infinity":28,"b:51:13:51:37:51:37:51:46:51:46:51:Infinity":10,"f:53:9:53:14":5,"s:54:24:54:Infinity":29,"s:55:24:55:Infinity":30,"s:56:24:58:Infinity":31,"b:57:10:57:Infinity:58:10:58:Infinity":11,"b:58:10:58:24:58:24:58:Infinity":12,"s:59:6:65:Infinity":32,"f:67:10:67:11":6,"b:68:6:68:Infinity:undefined:undefined:undefined:undefined":13,"s:68:6:68:Infinity":33,"b:68:10:68:20:68:20:68:28":14,"s:68:28:68:Infinity":34,"b:69:6:69:Infinity:undefined:undefined:undefined:undefined":15,"s:69:6:69:Infinity":35,"s:69:18:69:Infinity":36,"b:70:6:70:Infinity:undefined:undefined:undefined:undefined":16,"s:70:6:70:Infinity":37,"s:70:18:70:Infinity":38,"s:71:6:71:Infinity":39,"f:77:16:77:30":7,"s:78:14:78:Infinity":40,"s:80:2:85:Infinity":41,"s:81:14:81:Infinity":42,"s:82:19:82:Infinity":43,"b:82:19:82:33:82:33:82:Infinity":17,"s:83:4:83:Infinity":44,"s:84:4:84:Infinity":45,"s:87:2:102:Infinity":46,"f:87:31:87:39":8,"s:88:14:88:Infinity":47,"s:89:4:101:Infinity":48,"f:92:30:92:31":9,"s:92:40:92:56":49,"f:96:39:96:44":10,"s:96:44:96:54":50,"f:107:16:107:Infinity":11,"s:111:23:111:Infinity":51,"f:111:37:111:42":12,"s:111:42:111:61":52,"s:112:23:112:Infinity":53,"f:112:39:112:44":13,"s:112:44:112:63":54,"s:113:23:113:Infinity":55,"f:113:35:113:40":14,"s:113:40:113:53":56,"s:115:43:115:Infinity":57,"s:116:43:116:Infinity":58,"s:117:2:121:Infinity":59,"s:118:4:118:Infinity":60,"b:118:37:118:58:118:58:118:63":18,"s:119:19:119:Infinity":61,"b:119:19:119:31:119:31:119:Infinity":19,"s:120:4:120:Infinity":62,"b:120:37:120:59:120:59:120:64":20,"s:123:2:129:Infinity":63,"f:125:32:125:33":15,"s:125:42:125:58":64,"b:126:25:126:42:126:42:126:Infinity":21}}}
,"/Users/prueba/Downloads/NewFenixBrands/src/domain/logistics/types.ts": {"path":"/Users/prueba/Downloads/NewFenixBrands/src/domain/logistics/types.ts","statementMap":{},"fnMap":{},"branchMap":{},"s":{},"f":{},"b":{},"meta":{"lastBranch":0,"lastFunction":0,"lastStatement":0,"seen":{}}}
,"/Users/prueba/Downloads/NewFenixBrands/src/domain/period/helpers.ts": {"path":"/Users/prueba/Downloads/NewFenixBrands/src/domain/period/helpers.ts","statementMap":{"0":{"start":{"line":16,"column":51},"end":{"line":19,"column":null}},"1":{"start":{"line":22,"column":50},"end":{"line":25,"column":null}},"2":{"start":{"line":33,"column":2},"end":{"line":33,"column":null}},"3":{"start":{"line":37,"column":2},"end":{"line":37,"column":null}},"4":{"start":{"line":41,"column":2},"end":{"line":41,"column":null}},"5":{"start":{"line":51,"column":19},"end":{"line":51,"column":null}},"6":{"start":{"line":52,"column":2},"end":{"line":52,"column":null}},"7":{"start":{"line":64,"column":19},"end":{"line":64,"column":null}},"8":{"start":{"line":65,"column":19},"end":{"line":65,"column":null}},"9":{"start":{"line":67,"column":2},"end":{"line":70,"column":null}},"10":{"start":{"line":69,"column":4},"end":{"line":69,"column":null}},"11":{"start":{"line":69,"column":58},"end":{"line":69,"column":63}},"12":{"start":{"line":73,"column":17},"end":{"line":73,"column":null}},"13":{"start":{"line":74,"column":2},"end":{"line":74,"column":null}},"14":{"start":{"line":74,"column":19},"end":{"line":74,"column":null}},"15":{"start":{"line":75,"column":16},"end":{"line":75,"column":null}},"16":{"start":{"line":76,"column":2},"end":{"line":76,"column":null}},"17":{"start":{"line":76,"column":49},"end":{"line":76,"column":54}},"18":{"start":{"line":89,"column":2},"end":{"line":89,"column":null}},"19":{"start":{"line":89,"column":27},"end":{"line":89,"column":null}},"20":{"start":{"line":90,"column":16},"end":{"line":90,"column":null}},"21":{"start":{"line":91,"column":16},"end":{"line":91,"column":null}},"22":{"start":{"line":92,"column":2},"end":{"line":92,"column":null}},"23":{"start":{"line":100,"column":2},"end":{"line":100,"column":null}}},"fnMap":{"0":{"name":"getCalendarMonth","decl":{"start":{"line":32,"column":16},"end":{"line":32,"column":43}},"loc":{"start":{"line":32,"column":43},"end":{"line":34,"column":null}},"line":32},"1":{"name":"getCalendarYear","decl":{"start":{"line":36,"column":16},"end":{"line":36,"column":42}},"loc":{"start":{"line":36,"column":42},"end":{"line":38,"column":null}},"line":36},"2":{"name":"getCalendarDay","decl":{"start":{"line":40,"column":16},"end":{"line":40,"column":41}},"loc":{"start":{"line":40,"column":41},"end":{"line":42,"column":null}},"line":40},"3":{"name":"detectPartialMonth","decl":{"start":{"line":50,"column":16},"end":{"line":50,"column":35}},"loc":{"start":{"line":50,"column":70},"end":{"line":53,"column":null}},"line":50},"4":{"name":"getClosedMonths","decl":{"start":{"line":63,"column":16},"end":{"line":63,"column":32}},"loc":{"start":{"line":63,"column":78},"end":{"line":77,"column":null}},"line":63},"5":{"name":"(anonymous_5)","decl":{"start":{"line":69,"column":48},"end":{"line":69,"column":49}},"loc":{"start":{"line":69,"column":58},"end":{"line":69,"column":63}},"line":69},"6":{"name":"(anonymous_6)","decl":{"start":{"line":76,"column":39},"end":{"line":76,"column":40}},"loc":{"start":{"line":76,"column":49},"end":{"line":76,"column":54}},"line":76},"7":{"name":"buildPeriodLabel","decl":{"start":{"line":84,"column":16},"end":{"line":84,"column":null}},"loc":{"start":{"line":88,"column":10},"end":{"line":93,"column":null}},"line":88},"8":{"name":"monthToQueryParts","decl":{"start":{"line":99,"column":16},"end":{"line":99,"column":34}},"loc":{"start":{"line":99,"column":63},"end":{"line":101,"column":null}},"line":99}},"branchMap":{"0":{"loc":{"start":{"line":67,"column":2},"end":{"line":70,"column":null}},"type":"if","locations":[{"start":{"line":67,"column":2},"end":{"line":70,"column":null}},{"start":{},"end":{}}],"line":67},"1":{"loc":{"start":{"line":74,"column":2},"end":{"line":74,"column":null}},"type":"if","locations":[{"start":{"line":74,"column":2},"end":{"line":74,"column":null}},{"start":{},"end":{}}],"line":74},"2":{"loc":{"start":{"line":89,"column":2},"end":{"line":89,"column":null}},"type":"if","locations":[{"start":{"line":89,"column":2},"end":{"line":89,"column":null}},{"start":{},"end":{}}],"line":89},"3":{"loc":{"start":{"line":92,"column":9},"end":{"line":92,"column":null}},"type":"cond-expr","locations":[{"start":{"line":92,"column":26},"end":{"line":92,"column":47}},{"start":{"line":92,"column":47},"end":{"line":92,"column":null}}],"line":92}},"s":{"0":1,"1":1,"2":19,"3":19,"4":19,"5":0,"6":0,"7":0,"8":0,"9":0,"10":0,"11":0,"12":0,"13":0,"14":0,"15":0,"16":0,"17":0,"18":19,"19":2,"20":17,"21":17,"22":17,"23":0},"f":{"0":19,"1":19,"2":19,"3":0,"4":0,"5":0,"6":0,"7":19,"8":0},"b":{"0":[0,0],"1":[0,0],"2":[2,17],"3":[8,9]},"meta":{"lastBranch":4,"lastFunction":9,"lastStatement":24,"seen":{"s:16:51:19:Infinity":0,"s:22:50:25:Infinity":1,"f:32:16:32:43":0,"s:33:2:33:Infinity":2,"f:36:16:36:42":1,"s:37:2:37:Infinity":3,"f:40:16:40:41":2,"s:41:2:41:Infinity":4,"f:50:16:50:35":3,"s:51:19:51:Infinity":5,"s:52:2:52:Infinity":6,"f:63:16:63:32":4,"s:64:19:64:Infinity":7,"s:65:19:65:Infinity":8,"b:67:2:70:Infinity:undefined:undefined:undefined:undefined":0,"s:67:2:70:Infinity":9,"s:69:4:69:Infinity":10,"f:69:48:69:49":5,"s:69:58:69:63":11,"s:73:17:73:Infinity":12,"b:74:2:74:Infinity:undefined:undefined:undefined:undefined":1,"s:74:2:74:Infinity":13,"s:74:19:74:Infinity":14,"s:75:16:75:Infinity":15,"s:76:2:76:Infinity":16,"f:76:39:76:40":6,"s:76:49:76:54":17,"f:84:16:84:Infinity":7,"b:89:2:89:Infinity:undefined:undefined:undefined:undefined":2,"s:89:2:89:Infinity":18,"s:89:27:89:Infinity":19,"s:90:16:90:Infinity":20,"s:91:16:91:Infinity":21,"s:92:2:92:Infinity":22,"b:92:26:92:47:92:47:92:Infinity":3,"f:99:16:99:34":8,"s:100:2:100:Infinity":23}}}
,"/Users/prueba/Downloads/NewFenixBrands/src/domain/period/resolve.ts": {"path":"/Users/prueba/Downloads/NewFenixBrands/src/domain/period/resolve.ts","statementMap":{"0":{"start":{"line":59,"column":8},"end":{"line":59,"column":null}},"1":{"start":{"line":60,"column":8},"end":{"line":60,"column":null}},"2":{"start":{"line":61,"column":8},"end":{"line":61,"column":null}},"3":{"start":{"line":63,"column":24},"end":{"line":63,"column":null}},"4":{"start":{"line":65,"column":20},"end":{"line":65,"column":null}},"5":{"start":{"line":67,"column":25},"end":{"line":67,"column":null}},"6":{"start":{"line":67,"column":56},"end":{"line":67,"column":61}},"7":{"start":{"line":72,"column":2},"end":{"line":108,"column":null}},"8":{"start":{"line":78,"column":6},"end":{"line":80,"column":null}},"9":{"start":{"line":79,"column":37},"end":{"line":79,"column":55}},"10":{"start":{"line":81,"column":6},"end":{"line":83,"column":null}},"11":{"start":{"line":82,"column":37},"end":{"line":82,"column":54}},"12":{"start":{"line":84,"column":6},"end":{"line":84,"column":null}},"13":{"start":{"line":89,"column":25},"end":{"line":91,"column":null}},"14":{"start":{"line":92,"column":6},"end":{"line":94,"column":null}},"15":{"start":{"line":95,"column":6},"end":{"line":95,"column":null}},"16":{"start":{"line":96,"column":6},"end":{"line":96,"column":null}},"17":{"start":{"line":101,"column":6},"end":{"line":103,"column":null}},"18":{"start":{"line":105,"column":6},"end":{"line":105,"column":null}},"19":{"start":{"line":106,"column":6},"end":{"line":106,"column":null}},"20":{"start":{"line":111,"column":25},"end":{"line":111,"column":null}},"21":{"start":{"line":112,"column":8},"end":{"line":112,"column":null}},"22":{"start":{"line":114,"column":2},"end":{"line":121,"column":null}}},"fnMap":{"0":{"name":"resolvePeriod","decl":{"start":{"line":54,"column":16},"end":{"line":54,"column":null}},"loc":{"start":{"line":58,"column":18},"end":{"line":122,"column":null}},"line":58},"1":{"name":"(anonymous_1)","decl":{"start":{"line":67,"column":46},"end":{"line":67,"column":47}},"loc":{"start":{"line":67,"column":56},"end":{"line":67,"column":61}},"line":67},"2":{"name":"(anonymous_2)","decl":{"start":{"line":79,"column":32},"end":{"line":79,"column":37}},"loc":{"start":{"line":79,"column":37},"end":{"line":79,"column":55}},"line":79},"3":{"name":"(anonymous_3)","decl":{"start":{"line":82,"column":32},"end":{"line":82,"column":37}},"loc":{"start":{"line":82,"column":37},"end":{"line":82,"column":54}},"line":82}},"branchMap":{"0":{"loc":{"start":{"line":65,"column":20},"end":{"line":65,"column":null}},"type":"binary-expr","locations":[{"start":{"line":65,"column":20},"end":{"line":65,"column":37}},{"start":{"line":65,"column":37},"end":{"line":65,"column":null}}],"line":65},"1":{"loc":{"start":{"line":72,"column":2},"end":{"line":108,"column":null}},"type":"switch","locations":[{"start":{"line":73,"column":4},"end":{"line":85,"column":null}},{"start":{"line":87,"column":4},"end":{"line":97,"column":null}},{"start":{"line":99,"column":4},"end":{"line":107,"column":null}}],"line":72},"2":{"loc":{"start":{"line":78,"column":21},"end":{"line":80,"column":null}},"type":"cond-expr","locations":[{"start":{"line":79,"column":10},"end":{"line":79,"column":null}},{"start":{"line":80,"column":10},"end":{"line":80,"column":null}}],"line":78},"3":{"loc":{"start":{"line":81,"column":21},"end":{"line":83,"column":null}},"type":"cond-expr","locations":[{"start":{"line":82,"column":10},"end":{"line":82,"column":null}},{"start":{"line":83,"column":10},"end":{"line":83,"column":null}}],"line":81},"4":{"loc":{"start":{"line":89,"column":25},"end":{"line":91,"column":null}},"type":"cond-expr","locations":[{"start":{"line":90,"column":10},"end":{"line":90,"column":null}},{"start":{"line":91,"column":10},"end":{"line":91,"column":null}}],"line":89},"5":{"loc":{"start":{"line":92,"column":21},"end":{"line":94,"column":null}},"type":"cond-expr","locations":[{"start":{"line":93,"column":10},"end":{"line":93,"column":null}},{"start":{"line":94,"column":10},"end":{"line":94,"column":null}}],"line":92},"6":{"loc":{"start":{"line":92,"column":21},"end":{"line":92,"column":null}},"type":"binary-expr","locations":[{"start":{"line":92,"column":21},"end":{"line":92,"column":39}},{"start":{"line":92,"column":39},"end":{"line":92,"column":null}}],"line":92},"7":{"loc":{"start":{"line":101,"column":21},"end":{"line":103,"column":null}},"type":"cond-expr","locations":[{"start":{"line":102,"column":10},"end":{"line":102,"column":null}},{"start":{"line":103,"column":10},"end":{"line":103,"column":null}}],"line":101},"8":{"loc":{"start":{"line":111,"column":25},"end":{"line":111,"column":null}},"type":"binary-expr","locations":[{"start":{"line":111,"column":25},"end":{"line":111,"column":54}},{"start":{"line":111,"column":54},"end":{"line":111,"column":null}}],"line":111}},"s":{"0":19,"1":19,"2":19,"3":19,"4":19,"5":19,"6":42,"7":19,"8":9,"9":21,"10":9,"11":21,"12":9,"13":4,"14":4,"15":4,"16":4,"17":6,"18":6,"19":6,"20":19,"21":19,"22":19},"f":{"0":19,"1":42,"2":21,"3":21},"b":{"0":[19,18],"1":[9,4,6],"2":[8,1],"3":[8,1],"4":[4,0],"5":[3,1],"6":[4,4],"7":[5,1],"8":[19,6]},"meta":{"lastBranch":9,"lastFunction":4,"lastStatement":23,"seen":{"f:54:16:54:Infinity":0,"s:59:8:59:Infinity":0,"s:60:8:60:Infinity":1,"s:61:8:61:Infinity":2,"s:63:24:63:Infinity":3,"s:65:20:65:Infinity":4,"b:65:20:65:37:65:37:65:Infinity":0,"s:67:25:67:Infinity":5,"f:67:46:67:47":1,"s:67:56:67:61":6,"b:73:4:85:Infinity:87:4:97:Infinity:99:4:107:Infinity":1,"s:72:2:108:Infinity":7,"s:78:6:80:Infinity":8,"b:79:10:79:Infinity:80:10:80:Infinity":2,"f:79:32:79:37":2,"s:79:37:79:55":9,"s:81:6:83:Infinity":10,"b:82:10:82:Infinity:83:10:83:Infinity":3,"f:82:32:82:37":3,"s:82:37:82:54":11,"s:84:6:84:Infinity":12,"s:89:25:91:Infinity":13,"b:90:10:90:Infinity:91:10:91:Infinity":4,"s:92:6:94:Infinity":14,"b:93:10:93:Infinity:94:10:94:Infinity":5,"b:92:21:92:39:92:39:92:Infinity":6,"s:95:6:95:Infinity":15,"s:96:6:96:Infinity":16,"s:101:6:103:Infinity":17,"b:102:10:102:Infinity:103:10:103:Infinity":7,"s:105:6:105:Infinity":18,"s:106:6:106:Infinity":19,"s:111:25:111:Infinity":20,"b:111:25:111:54:111:54:111:Infinity":8,"s:112:8:112:Infinity":21,"s:114:2:121:Infinity":22}}}
}
